0 verbose cli /usr/bin/node-18 /usr/bin/npm
1 info using npm@10.8.2
2 info using node@v18.20.8
3 silly config load:file:/usr/lib/nodejs18/lib/node_modules/npm/npmrc
4 silly config load:file:/home/ec2-user/.npmrc
5 silly config load:file:/etc/npmrc
6 verbose title npm install pm2
7 verbose argv "install" "--global" "pm2"
8 verbose logfile logs-max:10 dir:/home/ec2-user/.npm/_logs/2026-02-14T04_28_12_295Z-
9 verbose logfile /home/ec2-user/.npm/_logs/2026-02-14T04_28_12_295Z-debug-0.log
10 silly packumentCache heap:516685824 maxSize:129171456 maxEntrySize:64585728
11 silly logfile done cleaning log files
12 silly idealTree buildDeps
13 silly fetch manifest pm2@*
14 silly packumentCache full:https://registry.npmjs.org/pm2 cache-miss
15 http fetch GET 200 https://registry.npmjs.org/pm2 97ms (cache miss)
16 silly packumentCache full:https://registry.npmjs.org/pm2 set size:undefined disposed:false
17 silly placeDep ROOT pm2@6.0.14 OK for:  want: *
18 silly fetch manifest @pm2/agent@~2.1.1
19 silly packumentCache full:https://registry.npmjs.org/@pm2%2fagent cache-miss
20 http fetch GET 200 https://registry.npmjs.org/@pm2%2fagent 37ms (cache miss)
21 silly packumentCache full:https://registry.npmjs.org/@pm2%2fagent set size:undefined disposed:false
22 silly fetch manifest @pm2/js-api@~0.8.0
23 silly packumentCache full:https://registry.npmjs.org/@pm2%2fjs-api cache-miss
24 http fetch GET 200 https://registry.npmjs.org/@pm2%2fjs-api 45ms (cache miss)
25 silly packumentCache full:https://registry.npmjs.org/@pm2%2fjs-api set size:undefined disposed:false
26 silly fetch manifest @pm2/io@~6.1.0
27 silly packumentCache full:https://registry.npmjs.org/@pm2%2fio cache-miss
28 http fetch GET 200 https://registry.npmjs.org/@pm2%2fio 71ms (cache miss)
29 silly packumentCache full:https://registry.npmjs.org/@pm2%2fio set size:undefined disposed:false
30 silly fetch manifest @pm2/pm2-version-check@^1.0.4
31 silly packumentCache full:https://registry.npmjs.org/@pm2%2fpm2-version-check cache-miss
32 http fetch GET 200 https://registry.npmjs.org/@pm2%2fpm2-version-check 69ms (cache miss)
33 silly packumentCache full:https://registry.npmjs.org/@pm2%2fpm2-version-check set size:undefined disposed:false
34 silly fetch manifest ansis@4.0.0-node10
35 silly packumentCache full:https://registry.npmjs.org/ansis cache-miss
36 http fetch GET 200 https://registry.npmjs.org/ansis 24ms (cache miss)
37 silly packumentCache full:https://registry.npmjs.org/ansis set size:undefined disposed:false
38 silly fetch manifest async@3.2.6
39 silly packumentCache full:https://registry.npmjs.org/async cache-miss
40 http fetch GET 200 https://registry.npmjs.org/async 30ms (cache miss)
41 silly packumentCache full:https://registry.npmjs.org/async set size:undefined disposed:false
42 silly fetch manifest @pm2/blessed@0.1.81
43 silly packumentCache full:https://registry.npmjs.org/@pm2%2fblessed cache-miss
44 http fetch GET 200 https://registry.npmjs.org/@pm2%2fblessed 41ms (cache miss)
45 silly packumentCache full:https://registry.npmjs.org/@pm2%2fblessed set size:undefined disposed:false
46 silly fetch manifest chokidar@3.6.0
47 silly packumentCache full:https://registry.npmjs.org/chokidar cache-miss
48 http fetch GET 200 https://registry.npmjs.org/chokidar 31ms (cache miss)
49 silly packumentCache full:https://registry.npmjs.org/chokidar set size:undefined disposed:false
50 silly fetch manifest cli-tableau@2.0.1
51 silly packumentCache full:https://registry.npmjs.org/cli-tableau cache-miss
52 http fetch GET 200 https://registry.npmjs.org/cli-tableau 23ms (cache miss)
53 silly packumentCache full:https://registry.npmjs.org/cli-tableau set size:undefined disposed:false
54 silly fetch manifest commander@2.15.1
55 silly packumentCache full:https://registry.npmjs.org/commander cache-miss
56 http fetch GET 200 https://registry.npmjs.org/commander 25ms (cache miss)
57 silly packumentCache full:https://registry.npmjs.org/commander set size:undefined disposed:false
58 silly fetch manifest croner@4.1.97
59 silly packumentCache full:https://registry.npmjs.org/croner cache-miss
60 http fetch GET 200 https://registry.npmjs.org/croner 39ms (cache miss)
61 silly packumentCache full:https://registry.npmjs.org/croner set size:undefined disposed:false
62 silly fetch manifest dayjs@1.11.15
63 silly packumentCache full:https://registry.npmjs.org/dayjs cache-miss
64 http fetch GET 200 https://registry.npmjs.org/dayjs 30ms (cache miss)
65 silly packumentCache full:https://registry.npmjs.org/dayjs set size:undefined disposed:false
66 silly fetch manifest debug@4.4.3
67 silly packumentCache full:https://registry.npmjs.org/debug cache-miss
68 http fetch GET 200 https://registry.npmjs.org/debug 40ms (cache hit)
69 silly packumentCache full:https://registry.npmjs.org/debug set size:195840 disposed:false
70 silly fetch manifest enquirer@2.3.6
71 silly packumentCache full:https://registry.npmjs.org/enquirer cache-miss
72 http fetch GET 200 https://registry.npmjs.org/enquirer 28ms (cache miss)
73 silly packumentCache full:https://registry.npmjs.org/enquirer set size:undefined disposed:false
74 silly fetch manifest eventemitter2@5.0.1
75 silly packumentCache full:https://registry.npmjs.org/eventemitter2 cache-miss
76 http fetch GET 200 https://registry.npmjs.org/eventemitter2 28ms (cache miss)
77 silly packumentCache full:https://registry.npmjs.org/eventemitter2 set size:undefined disposed:false
78 silly fetch manifest fclone@1.0.11
79 silly packumentCache full:https://registry.npmjs.org/fclone cache-miss
80 http fetch GET 200 https://registry.npmjs.org/fclone 42ms (cache miss)
81 silly packumentCache full:https://registry.npmjs.org/fclone set size:undefined disposed:false
82 silly fetch manifest mkdirp@1.0.4
83 silly packumentCache full:https://registry.npmjs.org/mkdirp cache-miss
84 http fetch GET 200 https://registry.npmjs.org/mkdirp 27ms (cache miss)
85 silly packumentCache full:https://registry.npmjs.org/mkdirp set size:undefined disposed:false
86 silly fetch manifest needle@2.4.0
87 silly packumentCache full:https://registry.npmjs.org/needle cache-miss
88 http fetch GET 200 https://registry.npmjs.org/needle 23ms (cache miss)
89 silly packumentCache full:https://registry.npmjs.org/needle set size:undefined disposed:false
90 silly fetch manifest pidusage@3.0.2
91 silly packumentCache full:https://registry.npmjs.org/pidusage cache-miss
92 http fetch GET 200 https://registry.npmjs.org/pidusage 31ms (cache miss)
93 silly packumentCache full:https://registry.npmjs.org/pidusage set size:undefined disposed:false
94 silly fetch manifest pm2-axon@~4.0.1
95 silly packumentCache full:https://registry.npmjs.org/pm2-axon cache-miss
96 http fetch GET 200 https://registry.npmjs.org/pm2-axon 21ms (cache miss)
97 silly packumentCache full:https://registry.npmjs.org/pm2-axon set size:undefined disposed:false
98 silly fetch manifest pm2-axon-rpc@~0.7.1
99 silly packumentCache full:https://registry.npmjs.org/pm2-axon-rpc cache-miss
100 http fetch GET 200 https://registry.npmjs.org/pm2-axon-rpc 22ms (cache miss)
101 silly packumentCache full:https://registry.npmjs.org/pm2-axon-rpc set size:undefined disposed:false
102 silly fetch manifest pm2-deploy@~1.0.2
103 silly packumentCache full:https://registry.npmjs.org/pm2-deploy cache-miss
104 http fetch GET 200 https://registry.npmjs.org/pm2-deploy 31ms (cache miss)
105 silly packumentCache full:https://registry.npmjs.org/pm2-deploy set size:undefined disposed:false
106 silly fetch manifest pm2-multimeter@^0.1.2
107 silly packumentCache full:https://registry.npmjs.org/pm2-multimeter cache-miss
108 http fetch GET 200 https://registry.npmjs.org/pm2-multimeter 25ms (cache miss)
109 silly packumentCache full:https://registry.npmjs.org/pm2-multimeter set size:undefined disposed:false
110 silly fetch manifest promptly@2.2.0
111 silly packumentCache full:https://registry.npmjs.org/promptly cache-miss
112 http fetch GET 200 https://registry.npmjs.org/promptly 25ms (cache miss)
113 silly packumentCache full:https://registry.npmjs.org/promptly set size:undefined disposed:false
114 silly fetch manifest semver@7.7.2
115 silly packumentCache full:https://registry.npmjs.org/semver cache-miss
116 http fetch GET 200 https://registry.npmjs.org/semver 30ms (cache miss)
117 silly packumentCache full:https://registry.npmjs.org/semver set size:undefined disposed:false
118 silly fetch manifest source-map-support@0.5.21
119 silly packumentCache full:https://registry.npmjs.org/source-map-support cache-miss
120 http fetch GET 200 https://registry.npmjs.org/source-map-support 25ms (cache miss)
121 silly packumentCache full:https://registry.npmjs.org/source-map-support set size:undefined disposed:false
122 silly fetch manifest sprintf-js@1.1.2
123 silly packumentCache full:https://registry.npmjs.org/sprintf-js cache-miss
124 http fetch GET 200 https://registry.npmjs.org/sprintf-js 24ms (cache miss)
125 silly packumentCache full:https://registry.npmjs.org/sprintf-js set size:undefined disposed:false
126 silly fetch manifest vizion@~2.2.1
127 silly packumentCache full:https://registry.npmjs.org/vizion cache-miss
128 http fetch GET 200 https://registry.npmjs.org/vizion 21ms (cache miss)
129 silly packumentCache full:https://registry.npmjs.org/vizion set size:undefined disposed:false
130 silly fetch manifest js-yaml@4.1.1
131 silly packumentCache full:https://registry.npmjs.org/js-yaml cache-miss
132 http fetch GET 200 https://registry.npmjs.org/js-yaml 26ms (cache miss)
133 silly packumentCache full:https://registry.npmjs.org/js-yaml set size:undefined disposed:false
134 silly fetch manifest pm2-sysmonit@^1.2.8
135 silly packumentCache full:https://registry.npmjs.org/pm2-sysmonit cache-miss
136 http fetch GET 200 https://registry.npmjs.org/pm2-sysmonit 45ms (cache miss)
137 silly packumentCache full:https://registry.npmjs.org/pm2-sysmonit set size:undefined disposed:false
138 silly placeDep node_modules/pm2 @pm2/agent@2.1.1 OK for: pm2@6.0.14 want: ~2.1.1
139 silly placeDep node_modules/pm2 @pm2/blessed@0.1.81 OK for: pm2@6.0.14 want: 0.1.81
140 silly placeDep node_modules/pm2 @pm2/io@6.1.0 OK for: pm2@6.0.14 want: ~6.1.0
141 silly placeDep node_modules/pm2 @pm2/js-api@0.8.0 OK for: pm2@6.0.14 want: ~0.8.0
142 silly placeDep node_modules/pm2 @pm2/pm2-version-check@1.0.4 OK for: pm2@6.0.14 want: ^1.0.4
143 silly placeDep node_modules/pm2 ansis@4.0.0-node10 OK for: pm2@6.0.14 want: 4.0.0-node10
144 silly placeDep node_modules/pm2 async@3.2.6 OK for: pm2@6.0.14 want: 3.2.6
145 silly placeDep node_modules/pm2 chokidar@3.6.0 OK for: pm2@6.0.14 want: 3.6.0
146 silly placeDep node_modules/pm2 cli-tableau@2.0.1 OK for: pm2@6.0.14 want: 2.0.1
147 silly placeDep node_modules/pm2 commander@2.15.1 OK for: pm2@6.0.14 want: 2.15.1
148 silly placeDep node_modules/pm2 croner@4.1.97 OK for: pm2@6.0.14 want: 4.1.97
149 silly placeDep node_modules/pm2 dayjs@1.11.15 OK for: pm2@6.0.14 want: 1.11.15
150 silly placeDep node_modules/pm2 debug@4.4.3 OK for: pm2@6.0.14 want: 4.4.3
151 silly placeDep node_modules/pm2 enquirer@2.3.6 OK for: pm2@6.0.14 want: 2.3.6
152 silly placeDep node_modules/pm2 eventemitter2@5.0.1 OK for: pm2@6.0.14 want: 5.0.1
153 silly placeDep node_modules/pm2 fclone@1.0.11 OK for: pm2@6.0.14 want: 1.0.11
154 silly placeDep node_modules/pm2 js-yaml@4.1.1 OK for: pm2@6.0.14 want: 4.1.1
155 silly placeDep node_modules/pm2 mkdirp@1.0.4 OK for: pm2@6.0.14 want: 1.0.4
156 silly placeDep node_modules/pm2 needle@2.4.0 OK for: pm2@6.0.14 want: 2.4.0
157 silly placeDep node_modules/pm2 pidusage@3.0.2 OK for: pm2@6.0.14 want: 3.0.2
158 silly placeDep node_modules/pm2 pm2-axon@4.0.1 OK for: pm2@6.0.14 want: ~4.0.1
159 silly placeDep node_modules/pm2 pm2-axon-rpc@0.7.1 OK for: pm2@6.0.14 want: ~0.7.1
160 silly placeDep node_modules/pm2 pm2-deploy@1.0.2 OK for: pm2@6.0.14 want: ~1.0.2
161 silly placeDep node_modules/pm2 pm2-multimeter@0.1.2 OK for: pm2@6.0.14 want: ^0.1.2
162 silly placeDep node_modules/pm2 pm2-sysmonit@1.2.8 OK for: pm2@6.0.14 want: ^1.2.8
163 silly placeDep node_modules/pm2 promptly@2.2.0 OK for: pm2@6.0.14 want: 2.2.0
164 silly placeDep node_modules/pm2 semver@7.7.2 OK for: pm2@6.0.14 want: 7.7.2
165 silly placeDep node_modules/pm2 source-map-support@0.5.21 OK for: pm2@6.0.14 want: 0.5.21
166 silly placeDep node_modules/pm2 sprintf-js@1.1.2 OK for: pm2@6.0.14 want: 1.1.2
167 silly placeDep node_modules/pm2 vizion@2.2.1 OK for: pm2@6.0.14 want: ~2.2.1
168 silly fetch manifest async@~3.2.0
169 silly packumentCache full:https://registry.npmjs.org/async cache-miss
170 http fetch GET 200 https://registry.npmjs.org/async 5ms (cache hit)
171 silly packumentCache full:https://registry.npmjs.org/async set size:230496 disposed:false
172 silly fetch manifest chalk@~3.0.0
173 silly packumentCache full:https://registry.npmjs.org/chalk cache-miss
174 http fetch GET 200 https://registry.npmjs.org/chalk 20ms (cache miss)
175 silly packumentCache full:https://registry.npmjs.org/chalk set size:undefined disposed:false
176 silly fetch manifest dayjs@~1.8.24
177 silly packumentCache full:https://registry.npmjs.org/dayjs cache-miss
178 http fetch GET 200 https://registry.npmjs.org/dayjs 5ms (cache hit)
179 silly packumentCache full:https://registry.npmjs.org/dayjs set size:483478 disposed:false
180 silly fetch manifest debug@~4.3.1
181 silly packumentCache full:https://registry.npmjs.org/debug cache-hit
182 silly fetch manifest eventemitter2@~5.0.1
183 silly packumentCache full:https://registry.npmjs.org/eventemitter2 cache-miss
184 http fetch GET 200 https://registry.npmjs.org/eventemitter2 4ms (cache hit)
185 silly packumentCache full:https://registry.npmjs.org/eventemitter2 set size:172525 disposed:false
186 silly fetch manifest fast-json-patch@^3.1.0
187 silly packumentCache full:https://registry.npmjs.org/fast-json-patch cache-miss
188 http fetch GET 200 https://registry.npmjs.org/fast-json-patch 25ms (cache miss)
189 silly packumentCache full:https://registry.npmjs.org/fast-json-patch set size:undefined disposed:false
190 silly fetch manifest fclone@~1.0.11
191 silly packumentCache full:https://registry.npmjs.org/fclone cache-miss
192 http fetch GET 200 https://registry.npmjs.org/fclone 5ms (cache hit)
193 silly packumentCache full:https://registry.npmjs.org/fclone set size:19653 disposed:false
194 silly fetch manifest pm2-axon-rpc@~0.7.0
195 silly packumentCache full:https://registry.npmjs.org/pm2-axon-rpc cache-miss
196 http fetch GET 200 https://registry.npmjs.org/pm2-axon-rpc 2ms (cache hit)
197 silly packumentCache full:https://registry.npmjs.org/pm2-axon-rpc set size:41743 disposed:false
198 silly fetch manifest proxy-agent@~6.4.0
199 silly packumentCache full:https://registry.npmjs.org/proxy-agent cache-miss
200 http fetch GET 200 https://registry.npmjs.org/proxy-agent 37ms (cache miss)
201 silly packumentCache full:https://registry.npmjs.org/proxy-agent set size:undefined disposed:false
202 silly fetch manifest semver@~7.5.0
203 silly packumentCache full:https://registry.npmjs.org/semver cache-miss
204 http fetch GET 200 https://registry.npmjs.org/semver 5ms (cache hit)
205 silly packumentCache full:https://registry.npmjs.org/semver set size:229678 disposed:false
206 silly fetch manifest ws@~7.5.10
207 silly packumentCache full:https://registry.npmjs.org/ws cache-miss
208 http fetch GET 200 https://registry.npmjs.org/ws 46ms (cache miss)
209 silly packumentCache full:https://registry.npmjs.org/ws set size:undefined disposed:false
210 silly fetch manifest async@~2.6.1
211 silly packumentCache full:https://registry.npmjs.org/async cache-hit
212 silly fetch manifest eventemitter2@^6.3.1
213 silly packumentCache full:https://registry.npmjs.org/eventemitter2 cache-hit
214 silly fetch manifest require-in-the-middle@^5.0.0
215 silly packumentCache full:https://registry.npmjs.org/require-in-the-middle cache-miss
216 http fetch GET 200 https://registry.npmjs.org/require-in-the-middle 27ms (cache miss)
217 silly packumentCache full:https://registry.npmjs.org/require-in-the-middle set size:undefined disposed:false
218 silly fetch manifest semver@~7.5.4
219 silly packumentCache full:https://registry.npmjs.org/semver cache-hit
220 silly fetch manifest shimmer@^1.2.0
221 silly packumentCache full:https://registry.npmjs.org/shimmer cache-miss
222 http fetch GET 200 https://registry.npmjs.org/shimmer 23ms (cache miss)
223 silly packumentCache full:https://registry.npmjs.org/shimmer set size:undefined disposed:false
224 silly fetch manifest signal-exit@^3.0.3
225 silly packumentCache full:https://registry.npmjs.org/signal-exit cache-miss
226 http fetch GET 200 https://registry.npmjs.org/signal-exit 22ms (cache miss)
227 silly packumentCache full:https://registry.npmjs.org/signal-exit set size:undefined disposed:false
228 silly fetch manifest tslib@1.9.3
229 silly packumentCache full:https://registry.npmjs.org/tslib cache-miss
230 http fetch GET 200 https://registry.npmjs.org/tslib 24ms (cache miss)
231 silly packumentCache full:https://registry.npmjs.org/tslib set size:undefined disposed:false
232 silly fetch manifest async@^2.6.3
233 silly packumentCache full:https://registry.npmjs.org/async cache-hit
234 silly fetch manifest extrareqp2@^1.0.0
235 silly packumentCache full:https://registry.npmjs.org/extrareqp2 cache-miss
236 http fetch GET 200 https://registry.npmjs.org/extrareqp2 22ms (cache miss)
237 silly packumentCache full:https://registry.npmjs.org/extrareqp2 set size:undefined disposed:false
238 silly fetch manifest ws@^7.0.0
239 silly packumentCache full:https://registry.npmjs.org/ws cache-miss
240 http fetch GET 200 https://registry.npmjs.org/ws 6ms (cache hit)
241 silly packumentCache full:https://registry.npmjs.org/ws set size:413307 disposed:false
242 silly fetch manifest debug@^4.3.1
243 silly packumentCache full:https://registry.npmjs.org/debug cache-hit
244 silly fetch manifest braces@~3.0.2
245 silly packumentCache full:https://registry.npmjs.org/braces cache-miss
246 http fetch GET 200 https://registry.npmjs.org/braces 32ms (cache miss)
247 silly packumentCache full:https://registry.npmjs.org/braces set size:undefined disposed:false
248 silly fetch manifest is-glob@~4.0.1
249 silly packumentCache full:https://registry.npmjs.org/is-glob cache-miss
250 http fetch GET 200 https://registry.npmjs.org/is-glob 23ms (cache miss)
251 silly packumentCache full:https://registry.npmjs.org/is-glob set size:undefined disposed:false
252 silly fetch manifest anymatch@~3.1.2
253 silly packumentCache full:https://registry.npmjs.org/anymatch cache-miss
254 http fetch GET 200 https://registry.npmjs.org/anymatch 32ms (cache miss)
255 silly packumentCache full:https://registry.npmjs.org/anymatch set size:undefined disposed:false
256 silly fetch manifest readdirp@~3.6.0
257 silly packumentCache full:https://registry.npmjs.org/readdirp cache-miss
258 http fetch GET 200 https://registry.npmjs.org/readdirp 27ms (cache miss)
259 silly packumentCache full:https://registry.npmjs.org/readdirp set size:undefined disposed:false
260 silly fetch manifest glob-parent@~5.1.2
261 silly packumentCache full:https://registry.npmjs.org/glob-parent cache-miss
262 http fetch GET 200 https://registry.npmjs.org/glob-parent 20ms (cache miss)
263 silly packumentCache full:https://registry.npmjs.org/glob-parent set size:undefined disposed:false
264 silly fetch manifest is-binary-path@~2.1.0
265 silly packumentCache full:https://registry.npmjs.org/is-binary-path cache-miss
266 http fetch GET 200 https://registry.npmjs.org/is-binary-path 51ms (cache miss)
267 silly packumentCache full:https://registry.npmjs.org/is-binary-path set size:undefined disposed:false
268 silly fetch manifest normalize-path@~3.0.0
269 silly packumentCache full:https://registry.npmjs.org/normalize-path cache-miss
270 http fetch GET 200 https://registry.npmjs.org/normalize-path 27ms (cache miss)
271 silly packumentCache full:https://registry.npmjs.org/normalize-path set size:undefined disposed:false
272 silly fetch manifest fsevents@~2.3.2
273 silly packumentCache full:https://registry.npmjs.org/fsevents cache-miss
274 http fetch GET 200 https://registry.npmjs.org/fsevents 21ms (cache miss)
275 silly packumentCache full:https://registry.npmjs.org/fsevents set size:undefined disposed:false
276 silly fetch manifest chalk@3.0.0
277 silly packumentCache full:https://registry.npmjs.org/chalk cache-miss
278 http fetch GET 200 https://registry.npmjs.org/chalk 5ms (cache hit)
279 silly packumentCache full:https://registry.npmjs.org/chalk set size:117861 disposed:false
280 silly fetch manifest ms@^2.1.3
281 silly packumentCache full:https://registry.npmjs.org/ms cache-miss
282 http fetch GET 200 https://registry.npmjs.org/ms 2ms (cache hit)
283 silly packumentCache full:https://registry.npmjs.org/ms set size:92208 disposed:false
284 silly fetch manifest ansi-colors@^4.1.1
285 silly packumentCache full:https://registry.npmjs.org/ansi-colors cache-miss
286 http fetch GET 200 https://registry.npmjs.org/ansi-colors 24ms (cache miss)
287 silly packumentCache full:https://registry.npmjs.org/ansi-colors set size:undefined disposed:false
288 silly fetch manifest argparse@^2.0.1
289 silly packumentCache full:https://registry.npmjs.org/argparse cache-miss
290 http fetch GET 200 https://registry.npmjs.org/argparse 25ms (cache miss)
291 silly packumentCache full:https://registry.npmjs.org/argparse set size:undefined disposed:false
292 silly fetch manifest debug@^3.2.6
293 silly packumentCache full:https://registry.npmjs.org/debug cache-hit
294 silly fetch manifest iconv-lite@^0.4.4
295 silly packumentCache full:https://registry.npmjs.org/iconv-lite cache-miss
296 http fetch GET 200 https://registry.npmjs.org/iconv-lite 5ms (cache hit)
297 silly packumentCache full:https://registry.npmjs.org/iconv-lite set size:120557 disposed:false
298 silly fetch manifest sax@^1.2.4
299 silly packumentCache full:https://registry.npmjs.org/sax cache-miss
300 http fetch GET 200 https://registry.npmjs.org/sax 24ms (cache miss)
301 silly packumentCache full:https://registry.npmjs.org/sax set size:undefined disposed:false
302 silly fetch manifest safe-buffer@^5.2.1
303 silly packumentCache full:https://registry.npmjs.org/safe-buffer cache-miss
304 http fetch GET 200 https://registry.npmjs.org/safe-buffer 4ms (cache hit)
305 silly packumentCache full:https://registry.npmjs.org/safe-buffer set size:41183 disposed:false
306 silly fetch manifest amp@~0.3.1
307 silly packumentCache full:https://registry.npmjs.org/amp cache-miss
308 http fetch GET 200 https://registry.npmjs.org/amp 21ms (cache miss)
309 silly packumentCache full:https://registry.npmjs.org/amp set size:undefined disposed:false
310 silly fetch manifest amp-message@~0.1.1
311 silly packumentCache full:https://registry.npmjs.org/amp-message cache-miss
312 http fetch GET 200 https://registry.npmjs.org/amp-message 22ms (cache miss)
313 silly packumentCache full:https://registry.npmjs.org/amp-message set size:undefined disposed:false
314 silly fetch manifest escape-string-regexp@^4.0.0
315 silly packumentCache full:https://registry.npmjs.org/escape-string-regexp cache-miss
316 http fetch GET 200 https://registry.npmjs.org/escape-string-regexp 24ms (cache miss)
317 silly packumentCache full:https://registry.npmjs.org/escape-string-regexp set size:undefined disposed:false
318 silly fetch manifest run-series@^1.1.8
319 silly packumentCache full:https://registry.npmjs.org/run-series cache-miss
320 http fetch GET 200 https://registry.npmjs.org/run-series 27ms (cache miss)
321 silly packumentCache full:https://registry.npmjs.org/run-series set size:undefined disposed:false
322 silly fetch manifest tv4@^1.3.0
323 silly packumentCache full:https://registry.npmjs.org/tv4 cache-miss
324 http fetch GET 200 https://registry.npmjs.org/tv4 22ms (cache miss)
325 silly packumentCache full:https://registry.npmjs.org/tv4 set size:undefined disposed:false
326 silly fetch manifest charm@~0.1.1
327 silly packumentCache full:https://registry.npmjs.org/charm cache-miss
328 http fetch GET 200 https://registry.npmjs.org/charm 53ms (cache miss)
329 silly packumentCache full:https://registry.npmjs.org/charm set size:undefined disposed:false
330 silly fetch manifest pidusage@^2.0.21
331 silly packumentCache full:https://registry.npmjs.org/pidusage cache-miss
332 http fetch GET 200 https://registry.npmjs.org/pidusage 3ms (cache hit)
333 silly packumentCache full:https://registry.npmjs.org/pidusage set size:111034 disposed:false
334 silly fetch manifest systeminformation@^5.7
335 silly packumentCache full:https://registry.npmjs.org/systeminformation cache-miss
336 http fetch GET 200 https://registry.npmjs.org/systeminformation 57ms (cache miss)
337 silly packumentCache full:https://registry.npmjs.org/systeminformation set size:undefined disposed:false
338 silly fetch manifest tx2@~1.0.4
339 silly packumentCache full:https://registry.npmjs.org/tx2 cache-miss
340 http fetch GET 200 https://registry.npmjs.org/tx2 52ms (cache miss)
341 silly packumentCache full:https://registry.npmjs.org/tx2 set size:undefined disposed:false
342 silly fetch manifest read@^1.0.4
343 silly packumentCache full:https://registry.npmjs.org/read cache-miss
344 http fetch GET 200 https://registry.npmjs.org/read 21ms (cache miss)
345 silly packumentCache full:https://registry.npmjs.org/read set size:undefined disposed:false
346 silly fetch manifest buffer-from@^1.0.0
347 silly packumentCache full:https://registry.npmjs.org/buffer-from cache-miss
348 http fetch GET 200 https://registry.npmjs.org/buffer-from 23ms (cache miss)
349 silly packumentCache full:https://registry.npmjs.org/buffer-from set size:undefined disposed:false
350 silly fetch manifest source-map@^0.6.0
351 silly packumentCache full:https://registry.npmjs.org/source-map cache-miss
352 http fetch GET 200 https://registry.npmjs.org/source-map 24ms (cache miss)
353 silly packumentCache full:https://registry.npmjs.org/source-map set size:undefined disposed:false
354 silly fetch manifest git-node-fs@^1.0.0
355 silly packumentCache full:https://registry.npmjs.org/git-node-fs cache-miss
356 http fetch GET 200 https://registry.npmjs.org/git-node-fs 29ms (cache miss)
357 silly packumentCache full:https://registry.npmjs.org/git-node-fs set size:undefined disposed:false
358 silly fetch manifest ini@^1.3.5
359 silly packumentCache full:https://registry.npmjs.org/ini cache-miss
360 http fetch GET 200 https://registry.npmjs.org/ini 23ms (cache miss)
361 silly packumentCache full:https://registry.npmjs.org/ini set size:undefined disposed:false
362 silly fetch manifest js-git@^0.7.8
363 silly packumentCache full:https://registry.npmjs.org/js-git cache-miss
364 http fetch GET 200 https://registry.npmjs.org/js-git 39ms (cache miss)
365 silly packumentCache full:https://registry.npmjs.org/js-git set size:undefined disposed:false
366 silly fetch manifest bufferutil@^4.0.1
367 silly packumentCache full:https://registry.npmjs.org/bufferutil cache-miss
368 http fetch GET 200 https://registry.npmjs.org/bufferutil 27ms (cache miss)
369 silly packumentCache full:https://registry.npmjs.org/bufferutil set size:undefined disposed:false
370 silly fetch manifest utf-8-validate@^5.0.2
371 silly packumentCache full:https://registry.npmjs.org/utf-8-validate cache-miss
372 http fetch GET 200 https://registry.npmjs.org/utf-8-validate 31ms (cache miss)
373 silly packumentCache full:https://registry.npmjs.org/utf-8-validate set size:undefined disposed:false
374 silly placeDep node_modules/pm2 chalk@3.0.0 OK for: @pm2/agent@2.1.1 want: ~3.0.0
375 silly placeDep node_modules/pm2/node_modules/@pm2/agent dayjs@1.8.36 OK for: @pm2/agent@2.1.1 want: ~1.8.24
376 silly placeDep node_modules/pm2/node_modules/@pm2/agent debug@4.3.7 OK for: @pm2/agent@2.1.1 want: ~4.3.1
377 silly placeDep node_modules/pm2 fast-json-patch@3.1.1 OK for: @pm2/agent@2.1.1 want: ^3.1.0
378 silly placeDep node_modules/pm2 proxy-agent@6.4.0 OK for: @pm2/agent@2.1.1 want: ~6.4.0
379 silly placeDep node_modules/pm2/node_modules/@pm2/agent semver@7.5.4 OK for: @pm2/agent@2.1.1 want: ~7.5.0
380 silly placeDep node_modules/pm2 ws@7.5.10 OK for: @pm2/agent@2.1.1 want: ~7.5.10
381 silly fetch manifest ansi-styles@^4.1.0
382 silly packumentCache full:https://registry.npmjs.org/ansi-styles cache-miss
383 http fetch GET 200 https://registry.npmjs.org/ansi-styles 22ms (cache miss)
384 silly packumentCache full:https://registry.npmjs.org/ansi-styles set size:undefined disposed:false
385 silly fetch manifest supports-color@^7.1.0
386 silly packumentCache full:https://registry.npmjs.org/supports-color cache-miss
387 http fetch GET 200 https://registry.npmjs.org/supports-color 29ms (cache miss)
388 silly packumentCache full:https://registry.npmjs.org/supports-color set size:undefined disposed:false
389 silly fetch manifest lru-cache@^7.14.1
390 silly packumentCache full:https://registry.npmjs.org/lru-cache cache-miss
391 http fetch GET 200 https://registry.npmjs.org/lru-cache 26ms (cache miss)
392 silly packumentCache full:https://registry.npmjs.org/lru-cache set size:undefined disposed:false
393 silly fetch manifest agent-base@^7.0.2
394 silly packumentCache full:https://registry.npmjs.org/agent-base cache-miss
395 http fetch GET 200 https://registry.npmjs.org/agent-base 21ms (cache miss)
396 silly packumentCache full:https://registry.npmjs.org/agent-base set size:undefined disposed:false
397 silly fetch manifest proxy-from-env@^1.1.0
398 silly packumentCache full:https://registry.npmjs.org/proxy-from-env cache-miss
399 http fetch GET 200 https://registry.npmjs.org/proxy-from-env 23ms (cache miss)
400 silly packumentCache full:https://registry.npmjs.org/proxy-from-env set size:undefined disposed:false
401 silly fetch manifest pac-proxy-agent@^7.0.1
402 silly packumentCache full:https://registry.npmjs.org/pac-proxy-agent cache-miss
403 http fetch GET 200 https://registry.npmjs.org/pac-proxy-agent 60ms (cache miss)
404 silly packumentCache full:https://registry.npmjs.org/pac-proxy-agent set size:undefined disposed:false
405 silly fetch manifest http-proxy-agent@^7.0.1
406 silly packumentCache full:https://registry.npmjs.org/http-proxy-agent cache-miss
407 http fetch GET 200 https://registry.npmjs.org/http-proxy-agent 24ms (cache miss)
408 silly packumentCache full:https://registry.npmjs.org/http-proxy-agent set size:undefined disposed:false
409 silly fetch manifest https-proxy-agent@^7.0.3
410 silly packumentCache full:https://registry.npmjs.org/https-proxy-agent cache-miss
411 http fetch GET 200 https://registry.npmjs.org/https-proxy-agent 31ms (cache miss)
412 silly packumentCache full:https://registry.npmjs.org/https-proxy-agent set size:undefined disposed:false
413 silly fetch manifest socks-proxy-agent@^8.0.2
414 silly packumentCache full:https://registry.npmjs.org/socks-proxy-agent cache-miss
415 http fetch GET 200 https://registry.npmjs.org/socks-proxy-agent 29ms (cache miss)
416 silly packumentCache full:https://registry.npmjs.org/socks-proxy-agent set size:undefined disposed:false
417 silly fetch manifest lru-cache@^6.0.0
418 silly packumentCache full:https://registry.npmjs.org/lru-cache cache-miss
419 http fetch GET 200 https://registry.npmjs.org/lru-cache 4ms (cache hit)
420 silly packumentCache full:https://registry.npmjs.org/lru-cache set size:413591 disposed:false
421 silly placeDep node_modules/pm2/node_modules/@pm2/io async@2.6.4 OK for: @pm2/io@6.1.0 want: ~2.6.1
422 silly placeDep node_modules/pm2/node_modules/@pm2/io debug@4.3.7 OK for: @pm2/io@6.1.0 want: ~4.3.1
423 silly placeDep node_modules/pm2/node_modules/@pm2/io eventemitter2@6.4.9 OK for: @pm2/io@6.1.0 want: ^6.3.1
424 silly placeDep node_modules/pm2 require-in-the-middle@5.2.0 OK for: @pm2/io@6.1.0 want: ^5.0.0
425 silly placeDep node_modules/pm2/node_modules/@pm2/io semver@7.5.4 OK for: @pm2/io@6.1.0 want: ~7.5.4
426 silly placeDep node_modules/pm2 shimmer@1.2.1 OK for: @pm2/io@6.1.0 want: ^1.2.0
427 silly placeDep node_modules/pm2 signal-exit@3.0.7 OK for: @pm2/io@6.1.0 want: ^3.0.3
428 silly placeDep node_modules/pm2 tslib@1.9.3 OK for: @pm2/io@6.1.0 want: 1.9.3
429 silly fetch manifest lodash@^4.17.14
430 silly packumentCache full:https://registry.npmjs.org/lodash cache-miss
431 http fetch GET 200 https://registry.npmjs.org/lodash 24ms (cache miss)
432 silly packumentCache full:https://registry.npmjs.org/lodash set size:undefined disposed:false
433 silly fetch manifest resolve@^1.22.1
434 silly packumentCache full:https://registry.npmjs.org/resolve cache-miss
435 http fetch GET 200 https://registry.npmjs.org/resolve 23ms (cache miss)
436 silly packumentCache full:https://registry.npmjs.org/resolve set size:undefined disposed:false
437 silly fetch manifest module-details-from-path@^1.0.3
438 silly packumentCache full:https://registry.npmjs.org/module-details-from-path cache-miss
439 http fetch GET 200 https://registry.npmjs.org/module-details-from-path 22ms (cache miss)
440 silly packumentCache full:https://registry.npmjs.org/module-details-from-path set size:undefined disposed:false
441 silly placeDep node_modules/pm2/node_modules/@pm2/js-api async@2.6.4 OK for: @pm2/js-api@0.8.0 want: ^2.6.3
442 silly placeDep node_modules/pm2/node_modules/@pm2/js-api debug@4.3.7 OK for: @pm2/js-api@0.8.0 want: ~4.3.1
443 silly placeDep node_modules/pm2/node_modules/@pm2/js-api eventemitter2@6.4.9 OK for: @pm2/js-api@0.8.0 want: ^6.3.1
444 silly placeDep node_modules/pm2 extrareqp2@1.0.0 OK for: @pm2/js-api@0.8.0 want: ^1.0.0
445 silly fetch manifest follow-redirects@^1.14.0
446 silly packumentCache full:https://registry.npmjs.org/follow-redirects cache-miss
447 http fetch GET 200 https://registry.npmjs.org/follow-redirects 23ms (cache miss)
448 silly packumentCache full:https://registry.npmjs.org/follow-redirects set size:undefined disposed:false
449 silly placeDep node_modules/pm2 ansi-styles@4.3.0 OK for: chalk@3.0.0 want: ^4.1.0
450 silly placeDep node_modules/pm2 supports-color@7.2.0 OK for: chalk@3.0.0 want: ^7.1.0
451 silly fetch manifest color-convert@^2.0.1
452 silly packumentCache full:https://registry.npmjs.org/color-convert cache-miss
453 http fetch GET 200 https://registry.npmjs.org/color-convert 24ms (cache miss)
454 silly packumentCache full:https://registry.npmjs.org/color-convert set size:undefined disposed:false
455 silly fetch manifest has-flag@^4.0.0
456 silly packumentCache full:https://registry.npmjs.org/has-flag cache-miss
457 http fetch GET 200 https://registry.npmjs.org/has-flag 21ms (cache miss)
458 silly packumentCache full:https://registry.npmjs.org/has-flag set size:undefined disposed:false
459 silly placeDep node_modules/pm2 color-convert@2.0.1 OK for: ansi-styles@4.3.0 want: ^2.0.1
460 silly fetch manifest color-name@~1.1.4
461 silly packumentCache full:https://registry.npmjs.org/color-name cache-miss
462 http fetch GET 200 https://registry.npmjs.org/color-name 22ms (cache miss)
463 silly packumentCache full:https://registry.npmjs.org/color-name set size:undefined disposed:false
464 silly placeDep node_modules/pm2 anymatch@3.1.3 OK for: chokidar@3.6.0 want: ~3.1.2
465 silly placeDep node_modules/pm2 braces@3.0.3 OK for: chokidar@3.6.0 want: ~3.0.2
466 silly placeDep node_modules/pm2 fsevents@2.3.3 OK for: chokidar@3.6.0 want: ~2.3.2
467 silly placeDep node_modules/pm2 glob-parent@5.1.2 OK for: chokidar@3.6.0 want: ~5.1.2
468 silly placeDep node_modules/pm2 is-binary-path@2.1.0 OK for: chokidar@3.6.0 want: ~2.1.0
469 silly placeDep node_modules/pm2 is-glob@4.0.3 OK for: chokidar@3.6.0 want: ~4.0.1
470 silly placeDep node_modules/pm2 normalize-path@3.0.0 OK for: chokidar@3.6.0 want: ~3.0.0
471 silly placeDep node_modules/pm2 readdirp@3.6.0 OK for: chokidar@3.6.0 want: ~3.6.0
472 silly fetch manifest picomatch@^2.0.4
473 silly packumentCache full:https://registry.npmjs.org/picomatch cache-miss
474 http fetch GET 200 https://registry.npmjs.org/picomatch 49ms (cache miss)
475 silly packumentCache full:https://registry.npmjs.org/picomatch set size:undefined disposed:false
476 silly fetch manifest normalize-path@^3.0.0
477 silly packumentCache full:https://registry.npmjs.org/normalize-path cache-miss
478 http fetch GET 200 https://registry.npmjs.org/normalize-path 2ms (cache hit)
479 silly packumentCache full:https://registry.npmjs.org/normalize-path set size:28713 disposed:false
480 silly fetch manifest fill-range@^7.1.1
481 silly packumentCache full:https://registry.npmjs.org/fill-range cache-miss
482 http fetch GET 200 https://registry.npmjs.org/fill-range 25ms (cache miss)
483 silly packumentCache full:https://registry.npmjs.org/fill-range set size:undefined disposed:false
484 silly fetch manifest is-glob@^4.0.1
485 silly packumentCache full:https://registry.npmjs.org/is-glob cache-miss
486 http fetch GET 200 https://registry.npmjs.org/is-glob 4ms (cache hit)
487 silly packumentCache full:https://registry.npmjs.org/is-glob set size:40530 disposed:false
488 silly fetch manifest binary-extensions@^2.0.0
489 silly packumentCache full:https://registry.npmjs.org/binary-extensions cache-miss
490 http fetch GET 200 https://registry.npmjs.org/binary-extensions 23ms (cache miss)
491 silly packumentCache full:https://registry.npmjs.org/binary-extensions set size:undefined disposed:false
492 silly fetch manifest is-extglob@^2.1.1
493 silly packumentCache full:https://registry.npmjs.org/is-extglob cache-miss
494 http fetch GET 200 https://registry.npmjs.org/is-extglob 22ms (cache miss)
495 silly packumentCache full:https://registry.npmjs.org/is-extglob set size:undefined disposed:false
496 silly fetch manifest picomatch@^2.2.1
497 silly packumentCache full:https://registry.npmjs.org/picomatch cache-miss
498 http fetch GET 200 https://registry.npmjs.org/picomatch 3ms (cache hit)
499 silly packumentCache full:https://registry.npmjs.org/picomatch set size:118818 disposed:false
500 silly placeDep node_modules/pm2 picomatch@2.3.1 OK for: anymatch@3.1.3 want: ^2.0.4
501 silly placeDep node_modules/pm2 fill-range@7.1.1 OK for: braces@3.0.3 want: ^7.1.1
502 silly fetch manifest to-regex-range@^5.0.1
503 silly packumentCache full:https://registry.npmjs.org/to-regex-range cache-miss
504 http fetch GET 200 https://registry.npmjs.org/to-regex-range 26ms (cache miss)
505 silly packumentCache full:https://registry.npmjs.org/to-regex-range set size:undefined disposed:false
506 silly placeDep node_modules/pm2 color-name@1.1.4 OK for: color-convert@2.0.1 want: ~1.1.4
507 silly placeDep node_modules/pm2 ms@2.1.3 OK for: debug@4.4.3 want: ^2.1.3
508 silly placeDep node_modules/pm2 ansi-colors@4.1.3 OK for: enquirer@2.3.6 want: ^4.1.1
509 silly placeDep node_modules/pm2 follow-redirects@1.15.11 OK for: extrareqp2@1.0.0 want: ^1.14.0
510 silly placeDep node_modules/pm2 to-regex-range@5.0.1 OK for: fill-range@7.1.1 want: ^5.0.1
511 silly fetch manifest is-number@^7.0.0
512 silly packumentCache full:https://registry.npmjs.org/is-number cache-miss
513 http fetch GET 200 https://registry.npmjs.org/is-number 28ms (cache miss)
514 silly packumentCache full:https://registry.npmjs.org/is-number set size:undefined disposed:false
515 silly placeDep node_modules/pm2 binary-extensions@2.3.0 OK for: is-binary-path@2.1.0 want: ^2.0.0
516 silly placeDep node_modules/pm2 is-extglob@2.1.1 OK for: is-glob@4.0.3 want: ^2.1.1
517 silly placeDep node_modules/pm2 argparse@2.0.1 OK for: js-yaml@4.1.1 want: ^2.0.1
518 silly placeDep node_modules/pm2/node_modules/needle debug@3.2.7 OK for: needle@2.4.0 want: ^3.2.6
519 silly placeDep node_modules/pm2 iconv-lite@0.4.24 OK for: needle@2.4.0 want: ^0.4.4
520 silly placeDep node_modules/pm2 sax@1.4.4 OK for: needle@2.4.0 want: ^1.2.4
521 silly fetch manifest safer-buffer@>= 2.1.2 < 3
522 silly packumentCache full:https://registry.npmjs.org/safer-buffer cache-miss
523 http fetch GET 200 https://registry.npmjs.org/safer-buffer 2ms (cache hit)
524 silly packumentCache full:https://registry.npmjs.org/safer-buffer set size:18521 disposed:false
525 silly placeDep node_modules/pm2 safer-buffer@2.1.2 OK for: iconv-lite@0.4.24 want: >= 2.1.2 < 3
526 silly placeDep node_modules/pm2 safe-buffer@5.2.1 OK for: pidusage@3.0.2 want: ^5.2.1
527 silly placeDep node_modules/pm2 amp@0.3.1 OK for: pm2-axon@4.0.1 want: ~0.3.1
528 silly placeDep node_modules/pm2 amp-message@0.1.2 OK for: pm2-axon@4.0.1 want: ~0.1.1
529 silly placeDep node_modules/pm2 escape-string-regexp@4.0.0 OK for: pm2-axon@4.0.1 want: ^4.0.0
530 silly placeDep node_modules/pm2 run-series@1.1.9 OK for: pm2-deploy@1.0.2 want: ^1.1.8
531 silly placeDep node_modules/pm2 tv4@1.3.0 OK for: pm2-deploy@1.0.2 want: ^1.3.0
532 silly placeDep node_modules/pm2 charm@0.1.2 OK for: pm2-multimeter@0.1.2 want: ~0.1.1
533 silly placeDep node_modules/pm2/node_modules/pm2-sysmonit pidusage@2.0.21 OK for: pm2-sysmonit@1.2.8 want: ^2.0.21
534 silly placeDep node_modules/pm2 systeminformation@5.30.7 OK for: pm2-sysmonit@1.2.8 want: ^5.7
535 silly placeDep node_modules/pm2 tx2@1.0.5 OK for: pm2-sysmonit@1.2.8 want: ~1.0.4
536 silly fetch manifest json-stringify-safe@^5.0.1
537 silly packumentCache full:https://registry.npmjs.org/json-stringify-safe cache-miss
538 http fetch GET 200 https://registry.npmjs.org/json-stringify-safe 22ms (cache miss)
539 silly packumentCache full:https://registry.npmjs.org/json-stringify-safe set size:undefined disposed:false
540 silly placeDep node_modules/pm2 read@1.0.7 OK for: promptly@2.2.0 want: ^1.0.4
541 silly fetch manifest mute-stream@~0.0.4
542 silly packumentCache full:https://registry.npmjs.org/mute-stream cache-miss
543 http fetch GET 200 https://registry.npmjs.org/mute-stream 25ms (cache miss)
544 silly packumentCache full:https://registry.npmjs.org/mute-stream set size:undefined disposed:false
545 silly placeDep node_modules/pm2 agent-base@7.1.4 OK for: proxy-agent@6.4.0 want: ^7.0.2
546 silly placeDep node_modules/pm2 http-proxy-agent@7.0.2 OK for: proxy-agent@6.4.0 want: ^7.0.1
547 silly placeDep node_modules/pm2 https-proxy-agent@7.0.6 OK for: proxy-agent@6.4.0 want: ^7.0.3
548 silly placeDep node_modules/pm2 lru-cache@7.18.3 OK for: proxy-agent@6.4.0 want: ^7.14.1
549 silly placeDep node_modules/pm2 pac-proxy-agent@7.2.0 OK for: proxy-agent@6.4.0 want: ^7.0.1
550 silly placeDep node_modules/pm2 proxy-from-env@1.1.0 OK for: proxy-agent@6.4.0 want: ^1.1.0
551 silly placeDep node_modules/pm2 socks-proxy-agent@8.0.5 OK for: proxy-agent@6.4.0 want: ^8.0.2
552 silly fetch manifest @tootallnate/quickjs-emscripten@^0.23.0
553 silly packumentCache full:https://registry.npmjs.org/@tootallnate%2fquickjs-emscripten cache-miss
554 http fetch GET 200 https://registry.npmjs.org/@tootallnate%2fquickjs-emscripten 78ms (cache miss)
555 silly packumentCache full:https://registry.npmjs.org/@tootallnate%2fquickjs-emscripten set size:undefined disposed:false
556 silly fetch manifest get-uri@^6.0.1
557 silly packumentCache full:https://registry.npmjs.org/get-uri cache-miss
558 http fetch GET 200 https://registry.npmjs.org/get-uri 25ms (cache miss)
559 silly packumentCache full:https://registry.npmjs.org/get-uri set size:undefined disposed:false
560 silly fetch manifest pac-resolver@^7.0.1
561 silly packumentCache full:https://registry.npmjs.org/pac-resolver cache-miss
562 http fetch GET 200 https://registry.npmjs.org/pac-resolver 19ms (cache miss)
563 silly packumentCache full:https://registry.npmjs.org/pac-resolver set size:undefined disposed:false
564 silly fetch manifest socks-proxy-agent@^8.0.5
565 silly packumentCache full:https://registry.npmjs.org/socks-proxy-agent cache-miss
566 http fetch GET 200 https://registry.npmjs.org/socks-proxy-agent 5ms (cache hit)
567 silly packumentCache full:https://registry.npmjs.org/socks-proxy-agent set size:96838 disposed:false
568 silly fetch manifest socks@^2.8.3
569 silly packumentCache full:https://registry.npmjs.org/socks cache-miss
570 http fetch GET 200 https://registry.npmjs.org/socks 2ms (cache hit)
571 silly packumentCache full:https://registry.npmjs.org/socks set size:168523 disposed:false
572 silly placeDep node_modules/pm2 @tootallnate/quickjs-emscripten@0.23.0 OK for: pac-proxy-agent@7.2.0 want: ^0.23.0
573 silly placeDep node_modules/pm2 get-uri@6.0.5 OK for: pac-proxy-agent@7.2.0 want: ^6.0.1
574 silly placeDep node_modules/pm2 pac-resolver@7.0.1 OK for: pac-proxy-agent@7.2.0 want: ^7.0.1
575 silly fetch manifest basic-ftp@^5.0.2
576 silly packumentCache full:https://registry.npmjs.org/basic-ftp cache-miss
577 http fetch GET 200 https://registry.npmjs.org/basic-ftp 63ms (cache miss)
578 silly packumentCache full:https://registry.npmjs.org/basic-ftp set size:undefined disposed:false
579 silly fetch manifest data-uri-to-buffer@^6.0.2
580 silly packumentCache full:https://registry.npmjs.org/data-uri-to-buffer cache-miss
581 http fetch GET 200 https://registry.npmjs.org/data-uri-to-buffer 27ms (cache miss)
582 silly packumentCache full:https://registry.npmjs.org/data-uri-to-buffer set size:undefined disposed:false
583 silly fetch manifest degenerator@^5.0.0
584 silly packumentCache full:https://registry.npmjs.org/degenerator cache-miss
585 http fetch GET 200 https://registry.npmjs.org/degenerator 21ms (cache miss)
586 silly packumentCache full:https://registry.npmjs.org/degenerator set size:undefined disposed:false
587 silly fetch manifest netmask@^2.0.2
588 silly packumentCache full:https://registry.npmjs.org/netmask cache-miss
589 http fetch GET 200 https://registry.npmjs.org/netmask 28ms (cache miss)
590 silly packumentCache full:https://registry.npmjs.org/netmask set size:undefined disposed:false
591 silly placeDep node_modules/pm2 basic-ftp@5.1.0 OK for: get-uri@6.0.5 want: ^5.0.2
592 silly placeDep node_modules/pm2 data-uri-to-buffer@6.0.2 OK for: get-uri@6.0.5 want: ^6.0.2
593 silly placeDep node_modules/pm2 degenerator@5.0.1 OK for: pac-resolver@7.0.1 want: ^5.0.0
594 silly placeDep node_modules/pm2 netmask@2.0.2 OK for: pac-resolver@7.0.1 want: ^2.0.2
595 silly fetch manifest ast-types@^0.13.4
596 silly packumentCache full:https://registry.npmjs.org/ast-types cache-miss
597 http fetch GET 200 https://registry.npmjs.org/ast-types 33ms (cache miss)
598 silly packumentCache full:https://registry.npmjs.org/ast-types set size:undefined disposed:false
599 silly fetch manifest escodegen@^2.1.0
600 silly packumentCache full:https://registry.npmjs.org/escodegen cache-miss
601 http fetch GET 200 https://registry.npmjs.org/escodegen 25ms (cache miss)
602 silly packumentCache full:https://registry.npmjs.org/escodegen set size:undefined disposed:false
603 silly fetch manifest esprima@^4.0.1
604 silly packumentCache full:https://registry.npmjs.org/esprima cache-miss
605 http fetch GET 200 https://registry.npmjs.org/esprima 22ms (cache miss)
606 silly packumentCache full:https://registry.npmjs.org/esprima set size:undefined disposed:false
607 silly placeDep node_modules/pm2 ast-types@0.13.4 OK for: degenerator@5.0.1 want: ^0.13.4
608 silly placeDep node_modules/pm2 escodegen@2.1.0 OK for: degenerator@5.0.1 want: ^2.1.0
609 silly placeDep node_modules/pm2 esprima@4.0.1 OK for: degenerator@5.0.1 want: ^4.0.1
610 silly fetch manifest tslib@^2.0.1
611 silly packumentCache full:https://registry.npmjs.org/tslib cache-miss
612 http fetch GET 200 https://registry.npmjs.org/tslib 2ms (cache hit)
613 silly packumentCache full:https://registry.npmjs.org/tslib set size:108760 disposed:false
614 silly fetch manifest estraverse@^5.2.0
615 silly packumentCache full:https://registry.npmjs.org/estraverse cache-miss
616 http fetch GET 200 https://registry.npmjs.org/estraverse 29ms (cache miss)
617 silly packumentCache full:https://registry.npmjs.org/estraverse set size:undefined disposed:false
618 silly fetch manifest esutils@^2.0.2
619 silly packumentCache full:https://registry.npmjs.org/esutils cache-miss
620 http fetch GET 200 https://registry.npmjs.org/esutils 27ms (cache miss)
621 silly packumentCache full:https://registry.npmjs.org/esutils set size:undefined disposed:false
622 silly fetch manifest source-map@~0.6.1
623 silly packumentCache full:https://registry.npmjs.org/source-map cache-miss
624 http fetch GET 200 https://registry.npmjs.org/source-map 5ms (cache hit)
625 silly packumentCache full:https://registry.npmjs.org/source-map set size:226141 disposed:false
626 silly placeDep node_modules/pm2/node_modules/ast-types tslib@2.8.1 OK for: ast-types@0.13.4 want: ^2.0.1
627 silly placeDep node_modules/pm2 estraverse@5.3.0 OK for: escodegen@2.1.0 want: ^5.2.0
628 silly placeDep node_modules/pm2 esutils@2.0.3 OK for: escodegen@2.1.0 want: ^2.0.2
629 silly placeDep node_modules/pm2 source-map@0.6.1 OK for: escodegen@2.1.0 want: ~0.6.1
630 silly placeDep node_modules/pm2 mute-stream@0.0.8 OK for: read@1.0.7 want: ~0.0.4
631 silly placeDep node_modules/pm2 module-details-from-path@1.0.4 OK for: require-in-the-middle@5.2.0 want: ^1.0.3
632 silly placeDep node_modules/pm2 resolve@1.22.11 OK for: require-in-the-middle@5.2.0 want: ^1.22.1
633 silly fetch manifest is-core-module@^2.16.1
634 silly packumentCache full:https://registry.npmjs.org/is-core-module cache-miss
635 http fetch GET 200 https://registry.npmjs.org/is-core-module 31ms (cache miss)
636 silly packumentCache full:https://registry.npmjs.org/is-core-module set size:undefined disposed:false
637 silly fetch manifest path-parse@^1.0.7
638 silly packumentCache full:https://registry.npmjs.org/path-parse cache-miss
639 http fetch GET 200 https://registry.npmjs.org/path-parse 21ms (cache miss)
640 silly packumentCache full:https://registry.npmjs.org/path-parse set size:undefined disposed:false
641 silly fetch manifest supports-preserve-symlinks-flag@^1.0.0
642 silly packumentCache full:https://registry.npmjs.org/supports-preserve-symlinks-flag cache-miss
643 http fetch GET 200 https://registry.npmjs.org/supports-preserve-symlinks-flag 76ms (cache miss)
644 silly packumentCache full:https://registry.npmjs.org/supports-preserve-symlinks-flag set size:undefined disposed:false
645 silly placeDep node_modules/pm2 is-core-module@2.16.1 OK for: resolve@1.22.11 want: ^2.16.1
646 silly placeDep node_modules/pm2 path-parse@1.0.7 OK for: resolve@1.22.11 want: ^1.0.7
647 silly placeDep node_modules/pm2 supports-preserve-symlinks-flag@1.0.0 OK for: resolve@1.22.11 want: ^1.0.0
648 silly fetch manifest hasown@^2.0.2
649 silly packumentCache full:https://registry.npmjs.org/hasown cache-miss
650 http fetch GET 200 https://registry.npmjs.org/hasown 4ms (cache hit)
651 silly packumentCache full:https://registry.npmjs.org/hasown set size:12476 disposed:false
652 silly placeDep node_modules/pm2 hasown@2.0.2 OK for: is-core-module@2.16.1 want: ^2.0.2
653 silly fetch manifest function-bind@^1.1.2
654 silly packumentCache full:https://registry.npmjs.org/function-bind cache-miss
655 http fetch GET 200 https://registry.npmjs.org/function-bind 2ms (cache hit)
656 silly packumentCache full:https://registry.npmjs.org/function-bind set size:15733 disposed:false
657 silly placeDep node_modules/pm2 function-bind@1.1.2 OK for: hasown@2.0.2 want: ^1.1.2
658 silly placeDep node_modules/pm2 socks@2.8.7 OK for: socks-proxy-agent@8.0.5 want: ^2.8.3
659 silly fetch manifest ip-address@^10.0.1
660 silly packumentCache full:https://registry.npmjs.org/ip-address cache-miss
661 http fetch GET 200 https://registry.npmjs.org/ip-address 40ms (cache miss)
662 silly packumentCache full:https://registry.npmjs.org/ip-address set size:undefined disposed:false
663 silly fetch manifest smart-buffer@^4.2.0
664 silly packumentCache full:https://registry.npmjs.org/smart-buffer cache-miss
665 http fetch GET 200 https://registry.npmjs.org/smart-buffer 25ms (cache miss)
666 silly packumentCache full:https://registry.npmjs.org/smart-buffer set size:undefined disposed:false
667 silly placeDep node_modules/pm2 ip-address@10.1.0 OK for: socks@2.8.7 want: ^10.0.1
668 silly placeDep node_modules/pm2 smart-buffer@4.2.0 OK for: socks@2.8.7 want: ^4.2.0
669 silly placeDep node_modules/pm2 buffer-from@1.1.2 OK for: source-map-support@0.5.21 want: ^1.0.0
670 silly placeDep node_modules/pm2 has-flag@4.0.0 OK for: supports-color@7.2.0 want: ^4.0.0
671 silly placeDep node_modules/pm2 is-number@7.0.0 OK for: to-regex-range@5.0.1 want: ^7.0.0
672 silly placeDep node_modules/pm2 json-stringify-safe@5.0.1 OK for: tx2@1.0.5 want: ^5.0.1
673 silly placeDep node_modules/pm2/node_modules/vizion async@2.6.4 OK for: vizion@2.2.1 want: ^2.6.3
674 silly placeDep node_modules/pm2 git-node-fs@1.0.0 OK for: vizion@2.2.1 want: ^1.0.0
675 silly placeDep node_modules/pm2 ini@1.3.8 OK for: vizion@2.2.1 want: ^1.3.5
676 silly placeDep node_modules/pm2 js-git@0.7.8 OK for: vizion@2.2.1 want: ^0.7.8
677 silly fetch manifest bodec@^0.1.0
678 silly packumentCache full:https://registry.npmjs.org/bodec cache-miss
679 http fetch GET 200 https://registry.npmjs.org/bodec 22ms (cache miss)
680 silly packumentCache full:https://registry.npmjs.org/bodec set size:undefined disposed:false
681 silly fetch manifest culvert@^0.1.2
682 silly packumentCache full:https://registry.npmjs.org/culvert cache-miss
683 http fetch GET 200 https://registry.npmjs.org/culvert 266ms (cache miss)
684 silly packumentCache full:https://registry.npmjs.org/culvert set size:undefined disposed:false
685 silly fetch manifest git-sha1@^0.1.2
686 silly packumentCache full:https://registry.npmjs.org/git-sha1 cache-miss
687 http fetch GET 200 https://registry.npmjs.org/git-sha1 31ms (cache miss)
688 silly packumentCache full:https://registry.npmjs.org/git-sha1 set size:undefined disposed:false
689 silly fetch manifest pako@^0.2.5
690 silly packumentCache full:https://registry.npmjs.org/pako cache-miss
691 http fetch GET 200 https://registry.npmjs.org/pako 26ms (cache miss)
692 silly packumentCache full:https://registry.npmjs.org/pako set size:undefined disposed:false
693 silly placeDep node_modules/pm2 bodec@0.1.0 OK for: js-git@0.7.8 want: ^0.1.0
694 silly placeDep node_modules/pm2 culvert@0.1.2 OK for: js-git@0.7.8 want: ^0.1.2
695 silly placeDep node_modules/pm2 git-sha1@0.1.2 OK for: js-git@0.7.8 want: ^0.1.2
696 silly placeDep node_modules/pm2 pako@0.2.9 OK for: js-git@0.7.8 want: ^0.2.5
697 silly placeDep node_modules/pm2/node_modules/@pm2/agent lru-cache@6.0.0 OK for: semver@7.5.4 want: ^6.0.0
698 silly fetch manifest yallist@^4.0.0
699 silly packumentCache full:https://registry.npmjs.org/yallist cache-miss
700 http fetch GET 200 https://registry.npmjs.org/yallist 27ms (cache miss)
701 silly packumentCache full:https://registry.npmjs.org/yallist set size:undefined disposed:false
702 silly placeDep node_modules/pm2 yallist@4.0.0 OK for: lru-cache@6.0.0 want: ^4.0.0
703 silly placeDep node_modules/pm2 lodash@4.17.23 OK for: async@2.6.4 want: ^4.17.14
704 silly placeDep node_modules/pm2/node_modules/@pm2/io lru-cache@6.0.0 OK for: semver@7.5.4 want: ^6.0.0
705 silly reify moves {}
706 verbose stack Error: EACCES: permission denied, mkdir '/usr/lib/nodejs18/lib/node_modules/pm2'
707 error code EACCES
708 error syscall mkdir
709 error path /usr/lib/nodejs18/lib/node_modules/pm2
710 error errno -13
711 error [Error: EACCES: permission denied, mkdir '/usr/lib/nodejs18/lib/node_modules/pm2'] {
711 error   errno: -13,
711 error   code: 'EACCES',
711 error   syscall: 'mkdir',
711 error   path: '/usr/lib/nodejs18/lib/node_modules/pm2'
711 error }
712 error
712 error The operation was rejected by your operating system.
712 error It is likely you do not have the permissions to access this file as the current user
712 error
712 error If you believe this might be a permissions issue, please double-check the
712 error permissions of the file and its containing directories, or try running
712 error the command again as root/Administrator.
713 silly unfinished npm timer reify 1771043292704
714 silly unfinished npm timer reify:createSparse 1771043297329
715 verbose cwd /home/ec2-user/docker-nodeapp/nodeapp
716 verbose os Linux 6.1.161-183.298.amzn2023.x86_64
717 verbose node v18.20.8
718 verbose npm  v10.8.2
719 verbose exit -13
720 verbose code -13
721 error A complete log of this run can be found in: /home/ec2-user/.npm/_logs/2026-02-14T04_28_12_295Z-debug-0.log
