0 verbose cli /usr/bin/node-18 /usr/bin/npm
1 info using npm@10.8.2
2 info using node@v18.20.8
3 silly config load:file:/usr/lib/nodejs18/lib/node_modules/npm/npmrc
4 silly config load:file:/home/ec2-user/docker-nodeapp/nodeapp/.npmrc
5 silly config load:file:/home/ec2-user/.npmrc
6 silly config load:file:/etc/npmrc
7 verbose title npm install
8 verbose argv "install"
9 verbose logfile logs-max:10 dir:/home/ec2-user/.npm/_logs/2026-02-14T04_25_12_006Z-
10 verbose logfile /home/ec2-user/.npm/_logs/2026-02-14T04_25_12_006Z-debug-0.log
11 silly packumentCache heap:516685824 maxSize:129171456 maxEntrySize:64585728
12 silly logfile done cleaning log files
13 silly idealTree buildDeps
14 silly fetch manifest express@^4.19.2
15 silly packumentCache full:https://registry.npmjs.org/express cache-miss
16 http fetch GET 200 https://registry.npmjs.org/npm 111ms
17 http fetch GET 200 https://registry.npmjs.org/express 148ms (cache miss)
18 silly packumentCache full:https://registry.npmjs.org/express set size:undefined disposed:false
19 silly fetch manifest mongoose@^8.0.3
20 silly packumentCache full:https://registry.npmjs.org/mongoose cache-miss
21 http fetch GET 200 https://registry.npmjs.org/mongoose 128ms (cache miss)
22 silly packumentCache full:https://registry.npmjs.org/mongoose set size:undefined disposed:false
23 silly placeDep ROOT express@4.22.1 OK for: docker-nodeapp@1.0.0 want: ^4.19.2
24 silly placeDep ROOT mongoose@8.23.0 OK for: docker-nodeapp@1.0.0 want: ^8.0.3
25 silly fetch manifest qs@~6.14.0
26 silly packumentCache full:https://registry.npmjs.org/qs cache-miss
27 http fetch GET 200 https://registry.npmjs.org/qs 36ms (cache miss)
28 silly packumentCache full:https://registry.npmjs.org/qs set size:undefined disposed:false
29 silly fetch manifest depd@2.0.0
30 silly packumentCache full:https://registry.npmjs.org/depd cache-miss
31 http fetch GET 200 https://registry.npmjs.org/depd 27ms (cache miss)
32 silly packumentCache full:https://registry.npmjs.org/depd set size:undefined disposed:false
33 silly fetch manifest etag@~1.8.1
34 silly packumentCache full:https://registry.npmjs.org/etag cache-miss
35 http fetch GET 200 https://registry.npmjs.org/etag 34ms (cache miss)
36 silly packumentCache full:https://registry.npmjs.org/etag set size:undefined disposed:false
37 silly fetch manifest send@~0.19.0
38 silly packumentCache full:https://registry.npmjs.org/send cache-miss
39 http fetch GET 200 https://registry.npmjs.org/send 28ms (cache miss)
40 silly packumentCache full:https://registry.npmjs.org/send set size:undefined disposed:false
41 silly fetch manifest vary@~1.1.2
42 silly packumentCache full:https://registry.npmjs.org/vary cache-miss
43 http fetch GET 200 https://registry.npmjs.org/vary 36ms (cache miss)
44 silly packumentCache full:https://registry.npmjs.org/vary set size:undefined disposed:false
45 silly fetch manifest debug@2.6.9
46 silly packumentCache full:https://registry.npmjs.org/debug cache-miss
47 http fetch GET 200 https://registry.npmjs.org/debug 26ms (cache miss)
48 silly packumentCache full:https://registry.npmjs.org/debug set size:undefined disposed:false
49 silly fetch manifest fresh@~0.5.2
50 silly packumentCache full:https://registry.npmjs.org/fresh cache-miss
51 http fetch GET 200 https://registry.npmjs.org/fresh 31ms (cache miss)
52 silly packumentCache full:https://registry.npmjs.org/fresh set size:undefined disposed:false
53 silly fetch manifest cookie@~0.7.1
54 silly packumentCache full:https://registry.npmjs.org/cookie cache-miss
55 http fetch GET 200 https://registry.npmjs.org/cookie 28ms (cache miss)
56 silly packumentCache full:https://registry.npmjs.org/cookie set size:undefined disposed:false
57 silly fetch manifest accepts@~1.3.8
58 silly packumentCache full:https://registry.npmjs.org/accepts cache-miss
59 http fetch GET 200 https://registry.npmjs.org/accepts 29ms (cache miss)
60 silly packumentCache full:https://registry.npmjs.org/accepts set size:undefined disposed:false
61 silly fetch manifest methods@~1.1.2
62 silly packumentCache full:https://registry.npmjs.org/methods cache-miss
63 http fetch GET 200 https://registry.npmjs.org/methods 28ms (cache miss)
64 silly packumentCache full:https://registry.npmjs.org/methods set size:undefined disposed:false
65 silly fetch manifest type-is@~1.6.18
66 silly packumentCache full:https://registry.npmjs.org/type-is cache-miss
67 http fetch GET 200 https://registry.npmjs.org/type-is 41ms (cache miss)
68 silly packumentCache full:https://registry.npmjs.org/type-is set size:undefined disposed:false
69 silly fetch manifest parseurl@~1.3.3
70 silly packumentCache full:https://registry.npmjs.org/parseurl cache-miss
71 http fetch GET 200 https://registry.npmjs.org/parseurl 24ms (cache miss)
72 silly packumentCache full:https://registry.npmjs.org/parseurl set size:undefined disposed:false
73 silly fetch manifest statuses@~2.0.1
74 silly packumentCache full:https://registry.npmjs.org/statuses cache-miss
75 http fetch GET 200 https://registry.npmjs.org/statuses 29ms (cache miss)
76 silly packumentCache full:https://registry.npmjs.org/statuses set size:undefined disposed:false
77 silly fetch manifest encodeurl@~2.0.0
78 silly packumentCache full:https://registry.npmjs.org/encodeurl cache-miss
79 http fetch GET 200 https://registry.npmjs.org/encodeurl 21ms (cache miss)
80 silly packumentCache full:https://registry.npmjs.org/encodeurl set size:undefined disposed:false
81 silly fetch manifest proxy-addr@~2.0.7
82 silly packumentCache full:https://registry.npmjs.org/proxy-addr cache-miss
83 http fetch GET 200 https://registry.npmjs.org/proxy-addr 27ms (cache miss)
84 silly packumentCache full:https://registry.npmjs.org/proxy-addr set size:undefined disposed:false
85 silly fetch manifest body-parser@~1.20.3
86 silly packumentCache full:https://registry.npmjs.org/body-parser cache-miss
87 http fetch GET 200 https://registry.npmjs.org/body-parser 28ms (cache miss)
88 silly packumentCache full:https://registry.npmjs.org/body-parser set size:undefined disposed:false
89 silly fetch manifest escape-html@~1.0.3
90 silly packumentCache full:https://registry.npmjs.org/escape-html cache-miss
91 http fetch GET 200 https://registry.npmjs.org/escape-html 29ms (cache miss)
92 silly packumentCache full:https://registry.npmjs.org/escape-html set size:undefined disposed:false
93 silly fetch manifest http-errors@~2.0.0
94 silly packumentCache full:https://registry.npmjs.org/http-errors cache-miss
95 http fetch GET 200 https://registry.npmjs.org/http-errors 21ms (cache miss)
96 silly packumentCache full:https://registry.npmjs.org/http-errors set size:undefined disposed:false
97 silly fetch manifest on-finished@~2.4.1
98 silly packumentCache full:https://registry.npmjs.org/on-finished cache-miss
99 http fetch GET 200 https://registry.npmjs.org/on-finished 30ms (cache miss)
100 silly packumentCache full:https://registry.npmjs.org/on-finished set size:undefined disposed:false
101 silly fetch manifest safe-buffer@5.2.1
102 silly packumentCache full:https://registry.npmjs.org/safe-buffer cache-miss
103 http fetch GET 200 https://registry.npmjs.org/safe-buffer 20ms (cache miss)
104 silly packumentCache full:https://registry.npmjs.org/safe-buffer set size:undefined disposed:false
105 silly fetch manifest utils-merge@1.0.1
106 silly packumentCache full:https://registry.npmjs.org/utils-merge cache-miss
107 http fetch GET 200 https://registry.npmjs.org/utils-merge 27ms (cache miss)
108 silly packumentCache full:https://registry.npmjs.org/utils-merge set size:undefined disposed:false
109 silly fetch manifest content-type@~1.0.4
110 silly packumentCache full:https://registry.npmjs.org/content-type cache-miss
111 http fetch GET 200 https://registry.npmjs.org/content-type 29ms (cache miss)
112 silly packumentCache full:https://registry.npmjs.org/content-type set size:undefined disposed:false
113 silly fetch manifest finalhandler@~1.3.1
114 silly packumentCache full:https://registry.npmjs.org/finalhandler cache-miss
115 http fetch GET 200 https://registry.npmjs.org/finalhandler 36ms (cache miss)
116 silly packumentCache full:https://registry.npmjs.org/finalhandler set size:undefined disposed:false
117 silly fetch manifest range-parser@~1.2.1
118 silly packumentCache full:https://registry.npmjs.org/range-parser cache-miss
119 http fetch GET 200 https://registry.npmjs.org/range-parser 57ms (cache miss)
120 silly packumentCache full:https://registry.npmjs.org/range-parser set size:undefined disposed:false
121 silly fetch manifest serve-static@~1.16.2
122 silly packumentCache full:https://registry.npmjs.org/serve-static cache-miss
123 http fetch GET 200 https://registry.npmjs.org/serve-static 35ms (cache miss)
124 silly packumentCache full:https://registry.npmjs.org/serve-static set size:undefined disposed:false
125 silly fetch manifest array-flatten@1.1.1
126 silly packumentCache full:https://registry.npmjs.org/array-flatten cache-miss
127 http fetch GET 200 https://registry.npmjs.org/array-flatten 20ms (cache miss)
128 silly packumentCache full:https://registry.npmjs.org/array-flatten set size:undefined disposed:false
129 silly fetch manifest path-to-regexp@~0.1.12
130 silly packumentCache full:https://registry.npmjs.org/path-to-regexp cache-miss
131 http fetch GET 200 https://registry.npmjs.org/path-to-regexp 39ms (cache miss)
132 silly packumentCache full:https://registry.npmjs.org/path-to-regexp set size:undefined disposed:false
133 silly fetch manifest setprototypeof@1.2.0
134 silly packumentCache full:https://registry.npmjs.org/setprototypeof cache-miss
135 http fetch GET 200 https://registry.npmjs.org/setprototypeof 17ms (cache miss)
136 silly packumentCache full:https://registry.npmjs.org/setprototypeof set size:undefined disposed:false
137 silly fetch manifest cookie-signature@~1.0.6
138 silly packumentCache full:https://registry.npmjs.org/cookie-signature cache-miss
139 http fetch GET 200 https://registry.npmjs.org/cookie-signature 32ms (cache miss)
140 silly packumentCache full:https://registry.npmjs.org/cookie-signature set size:undefined disposed:false
141 silly fetch manifest merge-descriptors@1.0.3
142 silly packumentCache full:https://registry.npmjs.org/merge-descriptors cache-miss
143 http fetch GET 200 https://registry.npmjs.org/merge-descriptors 20ms (cache miss)
144 silly packumentCache full:https://registry.npmjs.org/merge-descriptors set size:undefined disposed:false
145 silly fetch manifest content-disposition@~0.5.4
146 silly packumentCache full:https://registry.npmjs.org/content-disposition cache-miss
147 http fetch GET 200 https://registry.npmjs.org/content-disposition 28ms (cache miss)
148 silly packumentCache full:https://registry.npmjs.org/content-disposition set size:undefined disposed:false
149 silly fetch manifest ms@2.1.3
150 silly packumentCache full:https://registry.npmjs.org/ms cache-miss
151 http fetch GET 200 https://registry.npmjs.org/ms 20ms (cache miss)
152 silly packumentCache full:https://registry.npmjs.org/ms set size:undefined disposed:false
153 silly fetch manifest bson@^6.10.4
154 silly packumentCache full:https://registry.npmjs.org/bson cache-miss
155 http fetch GET 200 https://registry.npmjs.org/bson 35ms (cache miss)
156 silly packumentCache full:https://registry.npmjs.org/bson set size:undefined disposed:false
157 silly fetch manifest sift@17.1.3
158 silly packumentCache full:https://registry.npmjs.org/sift cache-miss
159 http fetch GET 200 https://registry.npmjs.org/sift 38ms (cache miss)
160 silly packumentCache full:https://registry.npmjs.org/sift set size:undefined disposed:false
161 silly fetch manifest mpath@0.9.0
162 silly packumentCache full:https://registry.npmjs.org/mpath cache-miss
163 http fetch GET 200 https://registry.npmjs.org/mpath 53ms (cache miss)
164 silly packumentCache full:https://registry.npmjs.org/mpath set size:undefined disposed:false
165 silly fetch manifest kareem@2.6.3
166 silly packumentCache full:https://registry.npmjs.org/kareem cache-miss
167 http fetch GET 200 https://registry.npmjs.org/kareem 22ms (cache miss)
168 silly packumentCache full:https://registry.npmjs.org/kareem set size:undefined disposed:false
169 silly fetch manifest mquery@5.0.0
170 silly packumentCache full:https://registry.npmjs.org/mquery cache-miss
171 http fetch GET 200 https://registry.npmjs.org/mquery 33ms (cache miss)
172 silly packumentCache full:https://registry.npmjs.org/mquery set size:undefined disposed:false
173 silly fetch manifest mongodb@~6.20.0
174 silly packumentCache full:https://registry.npmjs.org/mongodb cache-miss
175 http fetch GET 200 https://registry.npmjs.org/mongodb 60ms (cache miss)
176 silly packumentCache full:https://registry.npmjs.org/mongodb set size:undefined disposed:false
177 silly placeDep ROOT accepts@1.3.8 OK for: express@4.22.1 want: ~1.3.8
178 silly placeDep ROOT array-flatten@1.1.1 OK for: express@4.22.1 want: 1.1.1
179 silly placeDep ROOT body-parser@1.20.4 OK for: express@4.22.1 want: ~1.20.3
180 silly placeDep ROOT content-disposition@0.5.4 OK for: express@4.22.1 want: ~0.5.4
181 silly placeDep ROOT content-type@1.0.5 OK for: express@4.22.1 want: ~1.0.4
182 silly placeDep ROOT cookie@0.7.2 OK for: express@4.22.1 want: ~0.7.1
183 silly placeDep ROOT cookie-signature@1.0.7 OK for: express@4.22.1 want: ~1.0.6
184 silly placeDep ROOT debug@2.6.9 OK for: express@4.22.1 want: 2.6.9
185 silly placeDep ROOT depd@2.0.0 OK for: express@4.22.1 want: 2.0.0
186 silly placeDep ROOT encodeurl@2.0.0 OK for: express@4.22.1 want: ~2.0.0
187 silly placeDep ROOT escape-html@1.0.3 OK for: express@4.22.1 want: ~1.0.3
188 silly placeDep ROOT etag@1.8.1 OK for: express@4.22.1 want: ~1.8.1
189 silly placeDep ROOT finalhandler@1.3.2 OK for: express@4.22.1 want: ~1.3.1
190 silly placeDep ROOT fresh@0.5.2 OK for: express@4.22.1 want: ~0.5.2
191 silly placeDep ROOT http-errors@2.0.1 OK for: express@4.22.1 want: ~2.0.0
192 silly placeDep ROOT merge-descriptors@1.0.3 OK for: express@4.22.1 want: 1.0.3
193 silly placeDep ROOT methods@1.1.2 OK for: express@4.22.1 want: ~1.1.2
194 silly placeDep ROOT on-finished@2.4.1 OK for: express@4.22.1 want: ~2.4.1
195 silly placeDep ROOT parseurl@1.3.3 OK for: express@4.22.1 want: ~1.3.3
196 silly placeDep ROOT path-to-regexp@0.1.12 OK for: express@4.22.1 want: ~0.1.12
197 silly placeDep ROOT proxy-addr@2.0.7 OK for: express@4.22.1 want: ~2.0.7
198 silly placeDep ROOT qs@6.14.2 OK for: express@4.22.1 want: ~6.14.0
199 silly placeDep ROOT range-parser@1.2.1 OK for: express@4.22.1 want: ~1.2.1
200 silly placeDep ROOT safe-buffer@5.2.1 OK for: express@4.22.1 want: 5.2.1
201 silly placeDep ROOT send@0.19.2 OK for: express@4.22.1 want: ~0.19.0
202 silly placeDep ROOT serve-static@1.16.3 OK for: express@4.22.1 want: ~1.16.2
203 silly placeDep ROOT setprototypeof@1.2.0 OK for: express@4.22.1 want: 1.2.0
204 silly placeDep ROOT statuses@2.0.2 OK for: express@4.22.1 want: ~2.0.1
205 silly placeDep ROOT type-is@1.6.18 OK for: express@4.22.1 want: ~1.6.18
206 silly placeDep ROOT utils-merge@1.0.1 OK for: express@4.22.1 want: 1.0.1
207 silly placeDep ROOT vary@1.1.2 OK for: express@4.22.1 want: ~1.1.2
208 silly fetch manifest mime-types@~2.1.34
209 silly packumentCache full:https://registry.npmjs.org/mime-types cache-miss
210 http fetch GET 200 https://registry.npmjs.org/mime-types 33ms (cache miss)
211 silly packumentCache full:https://registry.npmjs.org/mime-types set size:undefined disposed:false
212 silly fetch manifest negotiator@0.6.3
213 silly packumentCache full:https://registry.npmjs.org/negotiator cache-miss
214 http fetch GET 200 https://registry.npmjs.org/negotiator 22ms (cache miss)
215 silly packumentCache full:https://registry.npmjs.org/negotiator set size:undefined disposed:false
216 silly fetch manifest bytes@~3.1.2
217 silly packumentCache full:https://registry.npmjs.org/bytes cache-miss
218 http fetch GET 200 https://registry.npmjs.org/bytes 28ms (cache miss)
219 silly packumentCache full:https://registry.npmjs.org/bytes set size:undefined disposed:false
220 silly fetch manifest unpipe@~1.0.0
221 silly packumentCache full:https://registry.npmjs.org/unpipe cache-miss
222 http fetch GET 200 https://registry.npmjs.org/unpipe 25ms (cache miss)
223 silly packumentCache full:https://registry.npmjs.org/unpipe set size:undefined disposed:false
224 silly fetch manifest destroy@~1.2.0
225 silly packumentCache full:https://registry.npmjs.org/destroy cache-miss
226 http fetch GET 200 https://registry.npmjs.org/destroy 30ms (cache miss)
227 silly packumentCache full:https://registry.npmjs.org/destroy set size:undefined disposed:false
228 silly fetch manifest raw-body@~2.5.3
229 silly packumentCache full:https://registry.npmjs.org/raw-body cache-miss
230 http fetch GET 200 https://registry.npmjs.org/raw-body 39ms (cache miss)
231 silly packumentCache full:https://registry.npmjs.org/raw-body set size:undefined disposed:false
232 silly fetch manifest iconv-lite@~0.4.24
233 silly packumentCache full:https://registry.npmjs.org/iconv-lite cache-miss
234 http fetch GET 200 https://registry.npmjs.org/iconv-lite 30ms (cache miss)
235 silly packumentCache full:https://registry.npmjs.org/iconv-lite set size:undefined disposed:false
236 silly fetch manifest http-errors@~2.0.1
237 silly packumentCache full:https://registry.npmjs.org/http-errors cache-miss
238 http fetch GET 200 https://registry.npmjs.org/http-errors 229ms (cache hit)
239 silly packumentCache full:https://registry.npmjs.org/http-errors set size:71987 disposed:false
240 silly fetch manifest content-type@~1.0.5
241 silly packumentCache full:https://registry.npmjs.org/content-type cache-miss
242 http fetch GET 200 https://registry.npmjs.org/content-type 1ms (cache hit)
243 silly packumentCache full:https://registry.npmjs.org/content-type set size:17311 disposed:false
244 silly fetch manifest ms@2.0.0
245 silly packumentCache full:https://registry.npmjs.org/ms cache-miss
246 http fetch GET 200 https://registry.npmjs.org/ms 3ms (cache hit)
247 silly packumentCache full:https://registry.npmjs.org/ms set size:92208 disposed:false
248 silly fetch manifest statuses@~2.0.2
249 silly packumentCache full:https://registry.npmjs.org/statuses cache-miss
250 http fetch GET 200 https://registry.npmjs.org/statuses 5ms (cache hit)
251 silly packumentCache full:https://registry.npmjs.org/statuses set size:37117 disposed:false
252 silly fetch manifest inherits@~2.0.4
253 silly packumentCache full:https://registry.npmjs.org/inherits cache-miss
254 http fetch GET 200 https://registry.npmjs.org/inherits 21ms (cache miss)
255 silly packumentCache full:https://registry.npmjs.org/inherits set size:undefined disposed:false
256 silly fetch manifest setprototypeof@~1.2.0
257 silly packumentCache full:https://registry.npmjs.org/setprototypeof cache-miss
258 http fetch GET 200 https://registry.npmjs.org/setprototypeof 5ms (cache hit)
259 silly packumentCache full:https://registry.npmjs.org/setprototypeof set size:14532 disposed:false
260 silly fetch manifest toidentifier@~1.0.1
261 silly packumentCache full:https://registry.npmjs.org/toidentifier cache-miss
262 http fetch GET 200 https://registry.npmjs.org/toidentifier 27ms (cache miss)
263 silly packumentCache full:https://registry.npmjs.org/toidentifier set size:undefined disposed:false
264 silly fetch manifest ee-first@1.1.1
265 silly packumentCache full:https://registry.npmjs.org/ee-first cache-miss
266 http fetch GET 200 https://registry.npmjs.org/ee-first 20ms (cache miss)
267 silly packumentCache full:https://registry.npmjs.org/ee-first set size:undefined disposed:false
268 silly fetch manifest forwarded@0.2.0
269 silly packumentCache full:https://registry.npmjs.org/forwarded cache-miss
270 http fetch GET 200 https://registry.npmjs.org/forwarded 40ms (cache miss)
271 silly packumentCache full:https://registry.npmjs.org/forwarded set size:undefined disposed:false
272 silly fetch manifest ipaddr.js@1.9.1
273 silly packumentCache full:https://registry.npmjs.org/ipaddr.js cache-miss
274 http fetch GET 200 https://registry.npmjs.org/ipaddr.js 29ms (cache miss)
275 silly packumentCache full:https://registry.npmjs.org/ipaddr.js set size:undefined disposed:false
276 silly fetch manifest side-channel@^1.1.0
277 silly packumentCache full:https://registry.npmjs.org/side-channel cache-miss
278 http fetch GET 200 https://registry.npmjs.org/side-channel 26ms (cache miss)
279 silly packumentCache full:https://registry.npmjs.org/side-channel set size:undefined disposed:false
280 silly fetch manifest mime@1.6.0
281 silly packumentCache full:https://registry.npmjs.org/mime cache-miss
282 http fetch GET 200 https://registry.npmjs.org/mime 40ms (cache miss)
283 silly packumentCache full:https://registry.npmjs.org/mime set size:undefined disposed:false
284 silly fetch manifest destroy@1.2.0
285 silly packumentCache full:https://registry.npmjs.org/destroy cache-miss
286 http fetch GET 200 https://registry.npmjs.org/destroy 4ms (cache hit)
287 silly packumentCache full:https://registry.npmjs.org/destroy set size:15738 disposed:false
288 silly fetch manifest mime-types@~2.1.24
289 silly packumentCache full:https://registry.npmjs.org/mime-types cache-miss
290 http fetch GET 200 https://registry.npmjs.org/mime-types 5ms (cache hit)
291 silly packumentCache full:https://registry.npmjs.org/mime-types set size:139110 disposed:false
292 silly fetch manifest media-typer@0.3.0
293 silly packumentCache full:https://registry.npmjs.org/media-typer cache-miss
294 http fetch GET 200 https://registry.npmjs.org/media-typer 25ms (cache miss)
295 silly packumentCache full:https://registry.npmjs.org/media-typer set size:undefined disposed:false
296 silly placeDep ROOT mime-types@2.1.35 OK for: accepts@1.3.8 want: ~2.1.34
297 silly placeDep ROOT negotiator@0.6.3 OK for: accepts@1.3.8 want: 0.6.3
298 silly fetch manifest mime-db@1.52.0
299 silly packumentCache full:https://registry.npmjs.org/mime-db cache-miss
300 http fetch GET 200 https://registry.npmjs.org/mime-db 24ms (cache miss)
301 silly packumentCache full:https://registry.npmjs.org/mime-db set size:undefined disposed:false
302 silly placeDep ROOT bytes@3.1.2 OK for: body-parser@1.20.4 want: ~3.1.2
303 silly placeDep ROOT destroy@1.2.0 OK for: body-parser@1.20.4 want: ~1.2.0
304 silly placeDep ROOT iconv-lite@0.4.24 OK for: body-parser@1.20.4 want: ~0.4.24
305 silly placeDep ROOT raw-body@2.5.3 OK for: body-parser@1.20.4 want: ~2.5.3
306 silly placeDep ROOT unpipe@1.0.0 OK for: body-parser@1.20.4 want: ~1.0.0
307 silly fetch manifest safer-buffer@>= 2.1.2 < 3
308 silly packumentCache full:https://registry.npmjs.org/safer-buffer cache-miss
309 http fetch GET 200 https://registry.npmjs.org/safer-buffer 28ms (cache miss)
310 silly packumentCache full:https://registry.npmjs.org/safer-buffer set size:undefined disposed:false
311 silly placeDep ROOT ms@2.0.0 OK for: debug@2.6.9 want: 2.0.0
312 silly placeDep ROOT inherits@2.0.4 OK for: http-errors@2.0.1 want: ~2.0.4
313 silly placeDep ROOT toidentifier@1.0.1 OK for: http-errors@2.0.1 want: ~1.0.1
314 silly placeDep ROOT safer-buffer@2.1.2 OK for: iconv-lite@0.4.24 want: >= 2.1.2 < 3
315 silly placeDep ROOT mime-db@1.52.0 OK for: mime-types@2.1.35 want: 1.52.0
316 silly fetch manifest @aws-sdk/credential-providers@^3.188.0
317 silly packumentCache full:https://registry.npmjs.org/@aws-sdk%2fcredential-providers cache-miss
318 http fetch GET 200 https://registry.npmjs.org/@aws-sdk%2fcredential-providers 52ms (cache miss)
319 silly packumentCache full:https://registry.npmjs.org/@aws-sdk%2fcredential-providers set size:undefined disposed:false
320 silly fetch manifest @mongodb-js/zstd@^1.1.0 || ^2.0.0
321 silly packumentCache full:https://registry.npmjs.org/@mongodb-js%2fzstd cache-miss
322 http fetch GET 200 https://registry.npmjs.org/@mongodb-js%2fzstd 78ms (cache miss)
323 silly packumentCache full:https://registry.npmjs.org/@mongodb-js%2fzstd set size:undefined disposed:false
324 silly fetch manifest gcp-metadata@^5.2.0
325 silly packumentCache full:https://registry.npmjs.org/gcp-metadata cache-miss
326 http fetch GET 200 https://registry.npmjs.org/gcp-metadata 24ms (cache miss)
327 silly packumentCache full:https://registry.npmjs.org/gcp-metadata set size:undefined disposed:false
328 silly fetch manifest kerberos@^2.0.1
329 silly packumentCache full:https://registry.npmjs.org/kerberos cache-miss
330 http fetch GET 200 https://registry.npmjs.org/kerberos 29ms (cache miss)
331 silly packumentCache full:https://registry.npmjs.org/kerberos set size:undefined disposed:false
332 silly fetch manifest mongodb-client-encryption@>=6.0.0 <7
333 silly packumentCache full:https://registry.npmjs.org/mongodb-client-encryption cache-miss
334 http fetch GET 200 https://registry.npmjs.org/mongodb-client-encryption 25ms (cache miss)
335 silly packumentCache full:https://registry.npmjs.org/mongodb-client-encryption set size:undefined disposed:false
336 silly fetch manifest snappy@^7.3.2
337 silly packumentCache full:https://registry.npmjs.org/snappy cache-miss
338 http fetch GET 200 https://registry.npmjs.org/snappy 37ms (cache miss)
339 silly packumentCache full:https://registry.npmjs.org/snappy set size:undefined disposed:false
340 silly fetch manifest socks@^2.7.1
341 silly packumentCache full:https://registry.npmjs.org/socks cache-miss
342 http fetch GET 200 https://registry.npmjs.org/socks 31ms (cache miss)
343 silly packumentCache full:https://registry.npmjs.org/socks set size:undefined disposed:false
344 silly placeDep ROOT bson@6.10.4 OK for: mongoose@8.23.0 want: ^6.10.4
345 silly placeDep ROOT kareem@2.6.3 OK for: mongoose@8.23.0 want: 2.6.3
346 silly placeDep ROOT mongodb@6.20.0 OK for: mongoose@8.23.0 want: ~6.20.0
347 silly placeDep ROOT mpath@0.9.0 OK for: mongoose@8.23.0 want: 0.9.0
348 silly placeDep ROOT mquery@5.0.0 OK for: mongoose@8.23.0 want: 5.0.0
349 silly placeDep node_modules/mongoose ms@2.1.3 OK for: mongoose@8.23.0 want: 2.1.3
350 silly placeDep ROOT sift@17.1.3 OK for: mongoose@8.23.0 want: 17.1.3
351 silly fetch manifest @mongodb-js/saslprep@^1.3.0
352 silly packumentCache full:https://registry.npmjs.org/@mongodb-js%2fsaslprep cache-miss
353 http fetch GET 200 https://registry.npmjs.org/@mongodb-js%2fsaslprep 61ms (cache miss)
354 silly packumentCache full:https://registry.npmjs.org/@mongodb-js%2fsaslprep set size:undefined disposed:false
355 silly fetch manifest mongodb-connection-string-url@^3.0.2
356 silly packumentCache full:https://registry.npmjs.org/mongodb-connection-string-url cache-miss
357 http fetch GET 200 https://registry.npmjs.org/mongodb-connection-string-url 23ms (cache miss)
358 silly packumentCache full:https://registry.npmjs.org/mongodb-connection-string-url set size:undefined disposed:false
359 silly fetch manifest debug@4.x
360 silly packumentCache full:https://registry.npmjs.org/debug cache-miss
361 http fetch GET 200 https://registry.npmjs.org/debug 4ms (cache hit)
362 silly packumentCache full:https://registry.npmjs.org/debug set size:195840 disposed:false
363 silly placeDep ROOT @mongodb-js/saslprep@1.4.6 OK for: mongodb@6.20.0 want: ^1.3.0
364 silly placeDep ROOT mongodb-connection-string-url@3.0.2 OK for: mongodb@6.20.0 want: ^3.0.2
365 silly fetch manifest sparse-bitfield@^3.0.3
366 silly packumentCache full:https://registry.npmjs.org/sparse-bitfield cache-miss
367 http fetch GET 200 https://registry.npmjs.org/sparse-bitfield 33ms (cache miss)
368 silly packumentCache full:https://registry.npmjs.org/sparse-bitfield set size:undefined disposed:false
369 silly fetch manifest whatwg-url@^14.1.0 || ^13.0.0
370 silly packumentCache full:https://registry.npmjs.org/whatwg-url cache-miss
371 http fetch GET 200 https://registry.npmjs.org/whatwg-url 25ms (cache miss)
372 silly packumentCache full:https://registry.npmjs.org/whatwg-url set size:undefined disposed:false
373 silly fetch manifest @types/whatwg-url@^11.0.2
374 silly packumentCache full:https://registry.npmjs.org/@types%2fwhatwg-url cache-miss
375 http fetch GET 200 https://registry.npmjs.org/@types%2fwhatwg-url 90ms (cache miss)
376 silly packumentCache full:https://registry.npmjs.org/@types%2fwhatwg-url set size:undefined disposed:false
377 silly placeDep ROOT sparse-bitfield@3.0.3 OK for: @mongodb-js/saslprep@1.4.6 want: ^3.0.3
378 silly fetch manifest memory-pager@^1.0.2
379 silly packumentCache full:https://registry.npmjs.org/memory-pager cache-miss
380 http fetch GET 200 https://registry.npmjs.org/memory-pager 30ms (cache miss)
381 silly packumentCache full:https://registry.npmjs.org/memory-pager set size:undefined disposed:false
382 silly placeDep ROOT @types/whatwg-url@11.0.5 OK for: mongodb-connection-string-url@3.0.2 want: ^11.0.2
383 silly placeDep ROOT whatwg-url@14.2.0 OK for: mongodb-connection-string-url@3.0.2 want: ^14.1.0 || ^13.0.0
384 silly fetch manifest @types/webidl-conversions@*
385 silly packumentCache full:https://registry.npmjs.org/@types%2fwebidl-conversions cache-miss
386 http fetch GET 200 https://registry.npmjs.org/@types%2fwebidl-conversions 33ms (cache miss)
387 silly packumentCache full:https://registry.npmjs.org/@types%2fwebidl-conversions set size:undefined disposed:false
388 silly fetch manifest tr46@^5.1.0
389 silly packumentCache full:https://registry.npmjs.org/tr46 cache-miss
390 http fetch GET 200 https://registry.npmjs.org/tr46 28ms (cache miss)
391 silly packumentCache full:https://registry.npmjs.org/tr46 set size:undefined disposed:false
392 silly fetch manifest webidl-conversions@^7.0.0
393 silly packumentCache full:https://registry.npmjs.org/webidl-conversions cache-miss
394 http fetch GET 200 https://registry.npmjs.org/webidl-conversions 30ms (cache miss)
395 silly packumentCache full:https://registry.npmjs.org/webidl-conversions set size:undefined disposed:false
396 silly placeDep ROOT @types/webidl-conversions@7.0.3 OK for: @types/whatwg-url@11.0.5 want: *
397 silly placeDep node_modules/mquery debug@4.4.3 OK for: mquery@5.0.0 want: 4.x
398 silly fetch manifest ms@^2.1.3
399 silly packumentCache full:https://registry.npmjs.org/ms cache-hit
400 silly placeDep ROOT ee-first@1.1.1 OK for: on-finished@2.4.1 want: 1.1.1
401 silly placeDep ROOT forwarded@0.2.0 OK for: proxy-addr@2.0.7 want: 0.2.0
402 silly placeDep ROOT ipaddr.js@1.9.1 OK for: proxy-addr@2.0.7 want: 1.9.1
403 silly placeDep ROOT side-channel@1.1.0 OK for: qs@6.14.2 want: ^1.1.0
404 silly fetch manifest es-errors@^1.3.0
405 silly packumentCache full:https://registry.npmjs.org/es-errors cache-miss
406 http fetch GET 200 https://registry.npmjs.org/es-errors 41ms (cache miss)
407 silly packumentCache full:https://registry.npmjs.org/es-errors set size:undefined disposed:false
408 silly fetch manifest object-inspect@^1.13.3
409 silly packumentCache full:https://registry.npmjs.org/object-inspect cache-miss
410 http fetch GET 200 https://registry.npmjs.org/object-inspect 26ms (cache miss)
411 silly packumentCache full:https://registry.npmjs.org/object-inspect set size:undefined disposed:false
412 silly fetch manifest side-channel-list@^1.0.0
413 silly packumentCache full:https://registry.npmjs.org/side-channel-list cache-miss
414 http fetch GET 200 https://registry.npmjs.org/side-channel-list 24ms (cache miss)
415 silly packumentCache full:https://registry.npmjs.org/side-channel-list set size:undefined disposed:false
416 silly fetch manifest side-channel-map@^1.0.1
417 silly packumentCache full:https://registry.npmjs.org/side-channel-map cache-miss
418 http fetch GET 200 https://registry.npmjs.org/side-channel-map 26ms (cache miss)
419 silly packumentCache full:https://registry.npmjs.org/side-channel-map set size:undefined disposed:false
420 silly fetch manifest side-channel-weakmap@^1.0.2
421 silly packumentCache full:https://registry.npmjs.org/side-channel-weakmap cache-miss
422 http fetch GET 200 https://registry.npmjs.org/side-channel-weakmap 114ms (cache miss)
423 silly packumentCache full:https://registry.npmjs.org/side-channel-weakmap set size:undefined disposed:false
424 silly placeDep ROOT mime@1.6.0 OK for: send@0.19.2 want: 1.6.0
425 silly placeDep node_modules/send ms@2.1.3 OK for: send@0.19.2 want: 2.1.3
426 silly placeDep ROOT es-errors@1.3.0 OK for: side-channel@1.1.0 want: ^1.3.0
427 silly placeDep ROOT object-inspect@1.13.4 OK for: side-channel@1.1.0 want: ^1.13.3
428 silly placeDep ROOT side-channel-list@1.0.0 OK for: side-channel@1.1.0 want: ^1.0.0
429 silly placeDep ROOT side-channel-map@1.0.1 OK for: side-channel@1.1.0 want: ^1.0.1
430 silly placeDep ROOT side-channel-weakmap@1.0.2 OK for: side-channel@1.1.0 want: ^1.0.2
431 silly fetch manifest call-bound@^1.0.2
432 silly packumentCache full:https://registry.npmjs.org/call-bound cache-miss
433 http fetch GET 200 https://registry.npmjs.org/call-bound 38ms (cache miss)
434 silly packumentCache full:https://registry.npmjs.org/call-bound set size:undefined disposed:false
435 silly fetch manifest get-intrinsic@^1.2.5
436 silly packumentCache full:https://registry.npmjs.org/get-intrinsic cache-miss
437 http fetch GET 200 https://registry.npmjs.org/get-intrinsic 26ms (cache miss)
438 silly packumentCache full:https://registry.npmjs.org/get-intrinsic set size:undefined disposed:false
439 silly placeDep ROOT call-bound@1.0.4 OK for: side-channel-map@1.0.1 want: ^1.0.2
440 silly placeDep ROOT get-intrinsic@1.3.0 OK for: side-channel-map@1.0.1 want: ^1.2.5
441 silly fetch manifest call-bind-apply-helpers@^1.0.2
442 silly packumentCache full:https://registry.npmjs.org/call-bind-apply-helpers cache-miss
443 http fetch GET 200 https://registry.npmjs.org/call-bind-apply-helpers 28ms (cache miss)
444 silly packumentCache full:https://registry.npmjs.org/call-bind-apply-helpers set size:undefined disposed:false
445 silly fetch manifest get-intrinsic@^1.3.0
446 silly packumentCache full:https://registry.npmjs.org/get-intrinsic cache-miss
447 http fetch GET 200 https://registry.npmjs.org/get-intrinsic 4ms (cache hit)
448 silly packumentCache full:https://registry.npmjs.org/get-intrinsic set size:60985 disposed:false
449 silly fetch manifest gopd@^1.2.0
450 silly packumentCache full:https://registry.npmjs.org/gopd cache-miss
451 http fetch GET 200 https://registry.npmjs.org/gopd 23ms (cache miss)
452 silly packumentCache full:https://registry.npmjs.org/gopd set size:undefined disposed:false
453 silly fetch manifest hasown@^2.0.2
454 silly packumentCache full:https://registry.npmjs.org/hasown cache-miss
455 http fetch GET 200 https://registry.npmjs.org/hasown 29ms (cache miss)
456 silly packumentCache full:https://registry.npmjs.org/hasown set size:undefined disposed:false
457 silly fetch manifest get-proto@^1.0.1
458 silly packumentCache full:https://registry.npmjs.org/get-proto cache-miss
459 http fetch GET 200 https://registry.npmjs.org/get-proto 19ms (cache miss)
460 silly packumentCache full:https://registry.npmjs.org/get-proto set size:undefined disposed:false
461 silly fetch manifest has-symbols@^1.1.0
462 silly packumentCache full:https://registry.npmjs.org/has-symbols cache-miss
463 http fetch GET 200 https://registry.npmjs.org/has-symbols 65ms (cache miss)
464 silly packumentCache full:https://registry.npmjs.org/has-symbols set size:undefined disposed:false
465 silly fetch manifest function-bind@^1.1.2
466 silly packumentCache full:https://registry.npmjs.org/function-bind cache-miss
467 http fetch GET 200 https://registry.npmjs.org/function-bind 22ms (cache miss)
468 silly packumentCache full:https://registry.npmjs.org/function-bind set size:undefined disposed:false
469 silly fetch manifest es-object-atoms@^1.1.1
470 silly packumentCache full:https://registry.npmjs.org/es-object-atoms cache-miss
471 http fetch GET 200 https://registry.npmjs.org/es-object-atoms 29ms (cache miss)
472 silly packumentCache full:https://registry.npmjs.org/es-object-atoms set size:undefined disposed:false
473 silly fetch manifest math-intrinsics@^1.1.0
474 silly packumentCache full:https://registry.npmjs.org/math-intrinsics cache-miss
475 http fetch GET 200 https://registry.npmjs.org/math-intrinsics 24ms (cache miss)
476 silly packumentCache full:https://registry.npmjs.org/math-intrinsics set size:undefined disposed:false
477 silly fetch manifest es-define-property@^1.0.1
478 silly packumentCache full:https://registry.npmjs.org/es-define-property cache-miss
479 http fetch GET 200 https://registry.npmjs.org/es-define-property 34ms (cache miss)
480 silly packumentCache full:https://registry.npmjs.org/es-define-property set size:undefined disposed:false
481 silly placeDep ROOT call-bind-apply-helpers@1.0.2 OK for: call-bound@1.0.4 want: ^1.0.2
482 silly placeDep ROOT function-bind@1.1.2 OK for: call-bind-apply-helpers@1.0.2 want: ^1.1.2
483 silly placeDep ROOT es-define-property@1.0.1 OK for: get-intrinsic@1.3.0 want: ^1.0.1
484 silly placeDep ROOT es-object-atoms@1.1.1 OK for: get-intrinsic@1.3.0 want: ^1.1.1
485 silly placeDep ROOT get-proto@1.0.1 OK for: get-intrinsic@1.3.0 want: ^1.0.1
486 silly placeDep ROOT gopd@1.2.0 OK for: get-intrinsic@1.3.0 want: ^1.2.0
487 silly placeDep ROOT has-symbols@1.1.0 OK for: get-intrinsic@1.3.0 want: ^1.1.0
488 silly placeDep ROOT hasown@2.0.2 OK for: get-intrinsic@1.3.0 want: ^2.0.2
489 silly placeDep ROOT math-intrinsics@1.1.0 OK for: get-intrinsic@1.3.0 want: ^1.1.0
490 silly fetch manifest dunder-proto@^1.0.1
491 silly packumentCache full:https://registry.npmjs.org/dunder-proto cache-miss
492 http fetch GET 200 https://registry.npmjs.org/dunder-proto 32ms (cache miss)
493 silly packumentCache full:https://registry.npmjs.org/dunder-proto set size:undefined disposed:false
494 silly placeDep ROOT dunder-proto@1.0.1 OK for: get-proto@1.0.1 want: ^1.0.1
495 silly placeDep ROOT memory-pager@1.5.0 OK for: sparse-bitfield@3.0.3 want: ^1.0.2
496 silly placeDep ROOT media-typer@0.3.0 OK for: type-is@1.6.18 want: 0.3.0
497 silly placeDep ROOT tr46@5.1.1 OK for: whatwg-url@14.2.0 want: ^5.1.0
498 silly placeDep ROOT webidl-conversions@7.0.0 OK for: whatwg-url@14.2.0 want: ^7.0.0
499 silly fetch manifest punycode@^2.3.1
500 silly packumentCache full:https://registry.npmjs.org/punycode cache-miss
501 http fetch GET 200 https://registry.npmjs.org/punycode 27ms (cache miss)
502 silly packumentCache full:https://registry.npmjs.org/punycode set size:undefined disposed:false
503 silly placeDep ROOT punycode@2.3.1 OK for: tr46@5.1.1 want: ^2.3.1
504 silly placeDep node_modules/mquery ms@2.1.3 OK for: debug@4.4.3 want: ^2.1.3
505 silly reify moves {}
506 silly audit bulk request {
506 silly audit   express: [ '4.22.1' ],
506 silly audit   mongoose: [ '8.23.0' ],
506 silly audit   accepts: [ '1.3.8' ],
506 silly audit   'array-flatten': [ '1.1.1' ],
506 silly audit   'body-parser': [ '1.20.4' ],
506 silly audit   'content-disposition': [ '0.5.4' ],
506 silly audit   'content-type': [ '1.0.5' ],
506 silly audit   cookie: [ '0.7.2' ],
506 silly audit   'cookie-signature': [ '1.0.7' ],
506 silly audit   debug: [ '2.6.9', '4.4.3' ],
506 silly audit   depd: [ '2.0.0' ],
506 silly audit   encodeurl: [ '2.0.0' ],
506 silly audit   'escape-html': [ '1.0.3' ],
506 silly audit   etag: [ '1.8.1' ],
506 silly audit   finalhandler: [ '1.3.2' ],
506 silly audit   fresh: [ '0.5.2' ],
506 silly audit   'http-errors': [ '2.0.1' ],
506 silly audit   'merge-descriptors': [ '1.0.3' ],
506 silly audit   methods: [ '1.1.2' ],
506 silly audit   'on-finished': [ '2.4.1' ],
506 silly audit   parseurl: [ '1.3.3' ],
506 silly audit   'path-to-regexp': [ '0.1.12' ],
506 silly audit   'proxy-addr': [ '2.0.7' ],
506 silly audit   qs: [ '6.14.2' ],
506 silly audit   'range-parser': [ '1.2.1' ],
506 silly audit   'safe-buffer': [ '5.2.1' ],
506 silly audit   send: [ '0.19.2' ],
506 silly audit   'serve-static': [ '1.16.3' ],
506 silly audit   setprototypeof: [ '1.2.0' ],
506 silly audit   statuses: [ '2.0.2' ],
506 silly audit   'type-is': [ '1.6.18' ],
506 silly audit   'utils-merge': [ '1.0.1' ],
506 silly audit   vary: [ '1.1.2' ],
506 silly audit   'mime-types': [ '2.1.35' ],
506 silly audit   negotiator: [ '0.6.3' ],
506 silly audit   bytes: [ '3.1.2' ],
506 silly audit   destroy: [ '1.2.0' ],
506 silly audit   'iconv-lite': [ '0.4.24' ],
506 silly audit   'raw-body': [ '2.5.3' ],
506 silly audit   unpipe: [ '1.0.0' ],
506 silly audit   ms: [ '2.0.0', '2.1.3' ],
506 silly audit   inherits: [ '2.0.4' ],
506 silly audit   toidentifier: [ '1.0.1' ],
506 silly audit   'safer-buffer': [ '2.1.2' ],
506 silly audit   'mime-db': [ '1.52.0' ],
506 silly audit   bson: [ '6.10.4' ],
506 silly audit   kareem: [ '2.6.3' ],
506 silly audit   mongodb: [ '6.20.0' ],
506 silly audit   mpath: [ '0.9.0' ],
506 silly audit   mquery: [ '5.0.0' ],
506 silly audit   sift: [ '17.1.3' ],
506 silly audit   '@mongodb-js/saslprep': [ '1.4.6' ],
506 silly audit   'mongodb-connection-string-url': [ '3.0.2' ],
506 silly audit   'sparse-bitfield': [ '3.0.3' ],
506 silly audit   '@types/whatwg-url': [ '11.0.5' ],
506 silly audit   'whatwg-url': [ '14.2.0' ],
506 silly audit   '@types/webidl-conversions': [ '7.0.3' ],
506 silly audit   'ee-first': [ '1.1.1' ],
506 silly audit   forwarded: [ '0.2.0' ],
506 silly audit   'ipaddr.js': [ '1.9.1' ],
506 silly audit   'side-channel': [ '1.1.0' ],
506 silly audit   mime: [ '1.6.0' ],
506 silly audit   'es-errors': [ '1.3.0' ],
506 silly audit   'object-inspect': [ '1.13.4' ],
506 silly audit   'side-channel-list': [ '1.0.0' ],
506 silly audit   'side-channel-map': [ '1.0.1' ],
506 silly audit   'side-channel-weakmap': [ '1.0.2' ],
506 silly audit   'call-bound': [ '1.0.4' ],
506 silly audit   'get-intrinsic': [ '1.3.0' ],
506 silly audit   'call-bind-apply-helpers': [ '1.0.2' ],
506 silly audit   'function-bind': [ '1.1.2' ],
506 silly audit   'es-define-property': [ '1.0.1' ],
506 silly audit   'es-object-atoms': [ '1.1.1' ],
506 silly audit   'get-proto': [ '1.0.1' ],
506 silly audit   gopd: [ '1.2.0' ],
506 silly audit   'has-symbols': [ '1.1.0' ],
506 silly audit   hasown: [ '2.0.2' ],
506 silly audit   'math-intrinsics': [ '1.1.0' ],
506 silly audit   'dunder-proto': [ '1.0.1' ],
506 silly audit   'memory-pager': [ '1.5.0' ],
506 silly audit   'media-typer': [ '0.3.0' ],
506 silly audit   tr46: [ '5.1.1' ],
506 silly audit   'webidl-conversions': [ '7.0.0' ],
506 silly audit   punycode: [ '2.3.1' ]
506 silly audit }
507 silly tarball no local data for punycode@https://registry.npmjs.org/punycode/-/punycode-2.3.1.tgz. Extracting by manifest.
508 silly tarball no local data for webidl-conversions@https://registry.npmjs.org/webidl-conversions/-/webidl-conversions-7.0.0.tgz. Extracting by manifest.
509 silly tarball no local data for tr46@https://registry.npmjs.org/tr46/-/tr46-5.1.1.tgz. Extracting by manifest.
510 silly tarball no local data for media-typer@https://registry.npmjs.org/media-typer/-/media-typer-0.3.0.tgz. Extracting by manifest.
511 silly tarball no local data for memory-pager@https://registry.npmjs.org/memory-pager/-/memory-pager-1.5.0.tgz. Extracting by manifest.
512 silly tarball no local data for dunder-proto@https://registry.npmjs.org/dunder-proto/-/dunder-proto-1.0.1.tgz. Extracting by manifest.
513 silly tarball no local data for math-intrinsics@https://registry.npmjs.org/math-intrinsics/-/math-intrinsics-1.1.0.tgz. Extracting by manifest.
514 silly tarball no local data for hasown@https://registry.npmjs.org/hasown/-/hasown-2.0.2.tgz. Extracting by manifest.
515 silly tarball no local data for has-symbols@https://registry.npmjs.org/has-symbols/-/has-symbols-1.1.0.tgz. Extracting by manifest.
516 silly tarball no local data for gopd@https://registry.npmjs.org/gopd/-/gopd-1.2.0.tgz. Extracting by manifest.
517 silly tarball no local data for get-proto@https://registry.npmjs.org/get-proto/-/get-proto-1.0.1.tgz. Extracting by manifest.
518 silly tarball no local data for es-object-atoms@https://registry.npmjs.org/es-object-atoms/-/es-object-atoms-1.1.1.tgz. Extracting by manifest.
519 silly tarball no local data for es-define-property@https://registry.npmjs.org/es-define-property/-/es-define-property-1.0.1.tgz. Extracting by manifest.
520 silly tarball no local data for function-bind@https://registry.npmjs.org/function-bind/-/function-bind-1.1.2.tgz. Extracting by manifest.
521 silly tarball no local data for call-bind-apply-helpers@https://registry.npmjs.org/call-bind-apply-helpers/-/call-bind-apply-helpers-1.0.2.tgz. Extracting by manifest.
522 silly tarball no local data for get-intrinsic@https://registry.npmjs.org/get-intrinsic/-/get-intrinsic-1.3.0.tgz. Extracting by manifest.
523 silly tarball no local data for call-bound@https://registry.npmjs.org/call-bound/-/call-bound-1.0.4.tgz. Extracting by manifest.
524 silly tarball no local data for side-channel-weakmap@https://registry.npmjs.org/side-channel-weakmap/-/side-channel-weakmap-1.0.2.tgz. Extracting by manifest.
525 silly tarball no local data for side-channel-map@https://registry.npmjs.org/side-channel-map/-/side-channel-map-1.0.1.tgz. Extracting by manifest.
526 silly tarball no local data for side-channel-list@https://registry.npmjs.org/side-channel-list/-/side-channel-list-1.0.0.tgz. Extracting by manifest.
527 silly tarball no local data for object-inspect@https://registry.npmjs.org/object-inspect/-/object-inspect-1.13.4.tgz. Extracting by manifest.
528 silly tarball no local data for es-errors@https://registry.npmjs.org/es-errors/-/es-errors-1.3.0.tgz. Extracting by manifest.
529 silly tarball no local data for mime@https://registry.npmjs.org/mime/-/mime-1.6.0.tgz. Extracting by manifest.
530 silly tarball no local data for side-channel@https://registry.npmjs.org/side-channel/-/side-channel-1.1.0.tgz. Extracting by manifest.
531 silly tarball no local data for ipaddr.js@https://registry.npmjs.org/ipaddr.js/-/ipaddr.js-1.9.1.tgz. Extracting by manifest.
532 silly tarball no local data for forwarded@https://registry.npmjs.org/forwarded/-/forwarded-0.2.0.tgz. Extracting by manifest.
533 silly tarball no local data for ee-first@https://registry.npmjs.org/ee-first/-/ee-first-1.1.1.tgz. Extracting by manifest.
534 silly tarball no local data for @types/webidl-conversions@https://registry.npmjs.org/@types/webidl-conversions/-/webidl-conversions-7.0.3.tgz. Extracting by manifest.
535 silly tarball no local data for whatwg-url@https://registry.npmjs.org/whatwg-url/-/whatwg-url-14.2.0.tgz. Extracting by manifest.
536 silly tarball no local data for @types/whatwg-url@https://registry.npmjs.org/@types/whatwg-url/-/whatwg-url-11.0.5.tgz. Extracting by manifest.
537 silly tarball no local data for sparse-bitfield@https://registry.npmjs.org/sparse-bitfield/-/sparse-bitfield-3.0.3.tgz. Extracting by manifest.
538 silly tarball no local data for mongodb-connection-string-url@https://registry.npmjs.org/mongodb-connection-string-url/-/mongodb-connection-string-url-3.0.2.tgz. Extracting by manifest.
539 silly tarball no local data for @mongodb-js/saslprep@https://registry.npmjs.org/@mongodb-js/saslprep/-/saslprep-1.4.6.tgz. Extracting by manifest.
540 silly tarball no local data for sift@https://registry.npmjs.org/sift/-/sift-17.1.3.tgz. Extracting by manifest.
541 silly tarball no local data for mquery@https://registry.npmjs.org/mquery/-/mquery-5.0.0.tgz. Extracting by manifest.
542 silly tarball no local data for mpath@https://registry.npmjs.org/mpath/-/mpath-0.9.0.tgz. Extracting by manifest.
543 silly tarball no local data for mongodb@https://registry.npmjs.org/mongodb/-/mongodb-6.20.0.tgz. Extracting by manifest.
544 silly tarball no local data for kareem@https://registry.npmjs.org/kareem/-/kareem-2.6.3.tgz. Extracting by manifest.
545 silly tarball no local data for bson@https://registry.npmjs.org/bson/-/bson-6.10.4.tgz. Extracting by manifest.
546 silly tarball no local data for mime-db@https://registry.npmjs.org/mime-db/-/mime-db-1.52.0.tgz. Extracting by manifest.
547 silly tarball no local data for safer-buffer@https://registry.npmjs.org/safer-buffer/-/safer-buffer-2.1.2.tgz. Extracting by manifest.
548 silly tarball no local data for toidentifier@https://registry.npmjs.org/toidentifier/-/toidentifier-1.0.1.tgz. Extracting by manifest.
549 silly tarball no local data for inherits@https://registry.npmjs.org/inherits/-/inherits-2.0.4.tgz. Extracting by manifest.
550 silly tarball no local data for ms@https://registry.npmjs.org/ms/-/ms-2.0.0.tgz. Extracting by manifest.
551 silly tarball no local data for unpipe@https://registry.npmjs.org/unpipe/-/unpipe-1.0.0.tgz. Extracting by manifest.
552 silly tarball no local data for raw-body@https://registry.npmjs.org/raw-body/-/raw-body-2.5.3.tgz. Extracting by manifest.
553 silly tarball no local data for iconv-lite@https://registry.npmjs.org/iconv-lite/-/iconv-lite-0.4.24.tgz. Extracting by manifest.
554 silly tarball no local data for destroy@https://registry.npmjs.org/destroy/-/destroy-1.2.0.tgz. Extracting by manifest.
555 silly tarball no local data for bytes@https://registry.npmjs.org/bytes/-/bytes-3.1.2.tgz. Extracting by manifest.
556 silly tarball no local data for negotiator@https://registry.npmjs.org/negotiator/-/negotiator-0.6.3.tgz. Extracting by manifest.
557 silly tarball no local data for mime-types@https://registry.npmjs.org/mime-types/-/mime-types-2.1.35.tgz. Extracting by manifest.
558 silly tarball no local data for vary@https://registry.npmjs.org/vary/-/vary-1.1.2.tgz. Extracting by manifest.
559 silly tarball no local data for utils-merge@https://registry.npmjs.org/utils-merge/-/utils-merge-1.0.1.tgz. Extracting by manifest.
560 silly tarball no local data for type-is@https://registry.npmjs.org/type-is/-/type-is-1.6.18.tgz. Extracting by manifest.
561 silly tarball no local data for statuses@https://registry.npmjs.org/statuses/-/statuses-2.0.2.tgz. Extracting by manifest.
562 silly tarball no local data for setprototypeof@https://registry.npmjs.org/setprototypeof/-/setprototypeof-1.2.0.tgz. Extracting by manifest.
563 silly tarball no local data for serve-static@https://registry.npmjs.org/serve-static/-/serve-static-1.16.3.tgz. Extracting by manifest.
564 silly tarball no local data for send@https://registry.npmjs.org/send/-/send-0.19.2.tgz. Extracting by manifest.
565 silly tarball no local data for safe-buffer@https://registry.npmjs.org/safe-buffer/-/safe-buffer-5.2.1.tgz. Extracting by manifest.
566 silly tarball no local data for range-parser@https://registry.npmjs.org/range-parser/-/range-parser-1.2.1.tgz. Extracting by manifest.
567 silly tarball no local data for qs@https://registry.npmjs.org/qs/-/qs-6.14.2.tgz. Extracting by manifest.
568 silly tarball no local data for proxy-addr@https://registry.npmjs.org/proxy-addr/-/proxy-addr-2.0.7.tgz. Extracting by manifest.
569 silly tarball no local data for path-to-regexp@https://registry.npmjs.org/path-to-regexp/-/path-to-regexp-0.1.12.tgz. Extracting by manifest.
570 silly tarball no local data for parseurl@https://registry.npmjs.org/parseurl/-/parseurl-1.3.3.tgz. Extracting by manifest.
571 silly tarball no local data for on-finished@https://registry.npmjs.org/on-finished/-/on-finished-2.4.1.tgz. Extracting by manifest.
572 silly tarball no local data for methods@https://registry.npmjs.org/methods/-/methods-1.1.2.tgz. Extracting by manifest.
573 silly tarball no local data for merge-descriptors@https://registry.npmjs.org/merge-descriptors/-/merge-descriptors-1.0.3.tgz. Extracting by manifest.
574 silly tarball no local data for http-errors@https://registry.npmjs.org/http-errors/-/http-errors-2.0.1.tgz. Extracting by manifest.
575 silly tarball no local data for fresh@https://registry.npmjs.org/fresh/-/fresh-0.5.2.tgz. Extracting by manifest.
576 silly tarball no local data for finalhandler@https://registry.npmjs.org/finalhandler/-/finalhandler-1.3.2.tgz. Extracting by manifest.
577 silly tarball no local data for etag@https://registry.npmjs.org/etag/-/etag-1.8.1.tgz. Extracting by manifest.
578 silly tarball no local data for escape-html@https://registry.npmjs.org/escape-html/-/escape-html-1.0.3.tgz. Extracting by manifest.
579 silly tarball no local data for encodeurl@https://registry.npmjs.org/encodeurl/-/encodeurl-2.0.0.tgz. Extracting by manifest.
580 silly tarball no local data for depd@https://registry.npmjs.org/depd/-/depd-2.0.0.tgz. Extracting by manifest.
581 silly tarball no local data for debug@https://registry.npmjs.org/debug/-/debug-2.6.9.tgz. Extracting by manifest.
582 silly tarball no local data for cookie-signature@https://registry.npmjs.org/cookie-signature/-/cookie-signature-1.0.7.tgz. Extracting by manifest.
583 silly tarball no local data for cookie@https://registry.npmjs.org/cookie/-/cookie-0.7.2.tgz. Extracting by manifest.
584 silly tarball no local data for content-type@https://registry.npmjs.org/content-type/-/content-type-1.0.5.tgz. Extracting by manifest.
585 silly tarball no local data for content-disposition@https://registry.npmjs.org/content-disposition/-/content-disposition-0.5.4.tgz. Extracting by manifest.
586 silly tarball no local data for body-parser@https://registry.npmjs.org/body-parser/-/body-parser-1.20.4.tgz. Extracting by manifest.
587 silly tarball no local data for array-flatten@https://registry.npmjs.org/array-flatten/-/array-flatten-1.1.1.tgz. Extracting by manifest.
588 silly tarball no local data for accepts@https://registry.npmjs.org/accepts/-/accepts-1.3.8.tgz. Extracting by manifest.
589 silly tarball no local data for mongoose@https://registry.npmjs.org/mongoose/-/mongoose-8.23.0.tgz. Extracting by manifest.
590 silly tarball no local data for express@https://registry.npmjs.org/express/-/express-4.22.1.tgz. Extracting by manifest.
591 silly tarball no local data for ms@https://registry.npmjs.org/ms/-/ms-2.1.3.tgz. Extracting by manifest.
592 silly tarball no local data for debug@https://registry.npmjs.org/debug/-/debug-4.4.3.tgz. Extracting by manifest.
593 silly tarball no local data for ms@https://registry.npmjs.org/ms/-/ms-2.1.3.tgz. Extracting by manifest.
594 silly tarball no local data for ms@https://registry.npmjs.org/ms/-/ms-2.1.3.tgz. Extracting by manifest.
595 http fetch POST 200 https://registry.npmjs.org/-/npm/v1/security/advisories/bulk 305ms
596 silly audit report {}
597 http fetch GET 200 https://registry.npmjs.org/punycode/-/punycode-2.3.1.tgz 708ms (cache miss)
598 http fetch GET 200 https://registry.npmjs.org/call-bind-apply-helpers/-/call-bind-apply-helpers-1.0.2.tgz 904ms (cache miss)
599 http fetch GET 200 https://registry.npmjs.org/get-intrinsic/-/get-intrinsic-1.3.0.tgz 934ms (cache miss)
600 http fetch GET 200 https://registry.npmjs.org/call-bound/-/call-bound-1.0.4.tgz 958ms (cache miss)
601 http fetch GET 200 https://registry.npmjs.org/side-channel-weakmap/-/side-channel-weakmap-1.0.2.tgz 971ms (cache miss)
602 http fetch GET 200 https://registry.npmjs.org/forwarded/-/forwarded-0.2.0.tgz 967ms (cache miss)
603 http fetch GET 200 https://registry.npmjs.org/ipaddr.js/-/ipaddr.js-1.9.1.tgz 970ms (cache miss)
604 http fetch GET 200 https://registry.npmjs.org/media-typer/-/media-typer-0.3.0.tgz 997ms (cache miss)
605 http fetch GET 200 https://registry.npmjs.org/side-channel-map/-/side-channel-map-1.0.1.tgz 982ms (cache miss)
606 http fetch GET 200 https://registry.npmjs.org/memory-pager/-/memory-pager-1.5.0.tgz 998ms (cache miss)
607 http fetch GET 200 https://registry.npmjs.org/@types/webidl-conversions/-/webidl-conversions-7.0.3.tgz 975ms (cache miss)
608 http fetch GET 200 https://registry.npmjs.org/webidl-conversions/-/webidl-conversions-7.0.0.tgz 1009ms (cache miss)
609 http fetch GET 200 https://registry.npmjs.org/get-proto/-/get-proto-1.0.1.tgz 1002ms (cache miss)
610 http fetch GET 200 https://registry.npmjs.org/hasown/-/hasown-2.0.2.tgz 1006ms (cache miss)
611 http fetch GET 200 https://registry.npmjs.org/ee-first/-/ee-first-1.1.1.tgz 985ms (cache miss)
612 http fetch GET 200 https://registry.npmjs.org/@types/whatwg-url/-/whatwg-url-11.0.5.tgz 983ms (cache miss)
613 http fetch GET 200 https://registry.npmjs.org/toidentifier/-/toidentifier-1.0.1.tgz 940ms (cache miss)
614 http fetch GET 200 https://registry.npmjs.org/utils-merge/-/utils-merge-1.0.1.tgz 925ms (cache miss)
615 http fetch GET 200 https://registry.npmjs.org/mime/-/mime-1.6.0.tgz 1007ms (cache miss)
616 http fetch GET 200 https://registry.npmjs.org/es-define-property/-/es-define-property-1.0.1.tgz 1017ms (cache miss)
617 http fetch GET 200 https://registry.npmjs.org/unpipe/-/unpipe-1.0.0.tgz 947ms (cache miss)
618 http fetch GET 200 https://registry.npmjs.org/gopd/-/gopd-1.2.0.tgz 1031ms (cache miss)
619 http fetch GET 200 https://registry.npmjs.org/sparse-bitfield/-/sparse-bitfield-3.0.3.tgz 1010ms (cache miss)
620 http fetch GET 200 https://registry.npmjs.org/inherits/-/inherits-2.0.4.tgz 958ms (cache miss)
621 http fetch GET 200 https://registry.npmjs.org/ms/-/ms-2.0.0.tgz 956ms (cache miss)
622 http fetch GET 200 https://registry.npmjs.org/destroy/-/destroy-1.2.0.tgz 955ms (cache miss)
623 http fetch GET 200 https://registry.npmjs.org/setprototypeof/-/setprototypeof-1.2.0.tgz 948ms (cache miss)
624 http fetch GET 200 https://registry.npmjs.org/range-parser/-/range-parser-1.2.1.tgz 936ms (cache miss)
625 http fetch GET 200 https://registry.npmjs.org/cookie-signature/-/cookie-signature-1.0.7.tgz 920ms (cache miss)
626 http fetch GET 200 https://registry.npmjs.org/encodeurl/-/encodeurl-2.0.0.tgz 925ms (cache miss)
627 http fetch GET 200 https://registry.npmjs.org/bytes/-/bytes-3.1.2.tgz 970ms (cache miss)
628 http fetch GET 200 https://registry.npmjs.org/side-channel-list/-/side-channel-list-1.0.0.tgz 1049ms (cache miss)
629 http fetch GET 200 https://registry.npmjs.org/vary/-/vary-1.1.2.tgz 980ms (cache miss)
630 http fetch GET 200 https://registry.npmjs.org/statuses/-/statuses-2.0.2.tgz 978ms (cache miss)
631 http fetch GET 200 https://registry.npmjs.org/send/-/send-0.19.2.tgz 967ms (cache miss)
632 http fetch GET 200 https://registry.npmjs.org/on-finished/-/on-finished-2.4.1.tgz 963ms (cache miss)
633 http fetch GET 200 https://registry.npmjs.org/fresh/-/fresh-0.5.2.tgz 959ms (cache miss)
634 http fetch GET 200 https://registry.npmjs.org/raw-body/-/raw-body-2.5.3.tgz 992ms (cache miss)
635 http fetch GET 200 https://registry.npmjs.org/type-is/-/type-is-1.6.18.tgz 987ms (cache miss)
636 http fetch GET 200 https://registry.npmjs.org/proxy-addr/-/proxy-addr-2.0.7.tgz 971ms (cache miss)
637 http fetch GET 200 https://registry.npmjs.org/path-to-regexp/-/path-to-regexp-0.1.12.tgz 971ms (cache miss)
638 http fetch GET 200 https://registry.npmjs.org/methods/-/methods-1.1.2.tgz 969ms (cache miss)
639 http fetch GET 200 https://registry.npmjs.org/dunder-proto/-/dunder-proto-1.0.1.tgz 1078ms (cache miss)
640 http fetch GET 200 https://registry.npmjs.org/es-object-atoms/-/es-object-atoms-1.1.1.tgz 1071ms (cache miss)
641 http fetch GET 200 https://registry.npmjs.org/mime-types/-/mime-types-2.1.35.tgz 996ms (cache miss)
642 http fetch GET 200 https://registry.npmjs.org/parseurl/-/parseurl-1.3.3.tgz 975ms (cache miss)
643 http fetch GET 200 https://registry.npmjs.org/merge-descriptors/-/merge-descriptors-1.0.3.tgz 973ms (cache miss)
644 http fetch GET 200 https://registry.npmjs.org/escape-html/-/escape-html-1.0.3.tgz 968ms (cache miss)
645 http fetch GET 200 https://registry.npmjs.org/array-flatten/-/array-flatten-1.1.1.tgz 959ms (cache miss)
646 http fetch GET 200 https://registry.npmjs.org/accepts/-/accepts-1.3.8.tgz 959ms (cache miss)
647 http fetch GET 200 https://registry.npmjs.org/finalhandler/-/finalhandler-1.3.2.tgz 976ms (cache miss)
648 http fetch GET 200 https://registry.npmjs.org/etag/-/etag-1.8.1.tgz 975ms (cache miss)
649 http fetch GET 200 https://registry.npmjs.org/cookie/-/cookie-0.7.2.tgz 967ms (cache miss)
650 http fetch GET 200 https://registry.npmjs.org/debug/-/debug-4.4.3.tgz 959ms (cache miss)
651 http fetch GET 200 https://registry.npmjs.org/side-channel/-/side-channel-1.1.0.tgz 1071ms (cache miss)
652 http fetch GET 200 https://registry.npmjs.org/safer-buffer/-/safer-buffer-2.1.2.tgz 1025ms (cache miss)
653 http fetch GET 200 https://registry.npmjs.org/http-errors/-/http-errors-2.0.1.tgz 984ms (cache miss)
654 http fetch GET 200 https://registry.npmjs.org/depd/-/depd-2.0.0.tgz 977ms (cache miss)
655 http fetch GET 200 https://registry.npmjs.org/ms/-/ms-2.1.3.tgz 963ms (cache miss)
656 http fetch GET 200 https://registry.npmjs.org/function-bind/-/function-bind-1.1.2.tgz 1086ms (cache miss)
657 http fetch GET 200 https://registry.npmjs.org/body-parser/-/body-parser-1.20.4.tgz 976ms (cache miss)
658 http fetch GET 200 https://registry.npmjs.org/serve-static/-/serve-static-1.16.3.tgz 1005ms (cache miss)
659 http fetch GET 200 https://registry.npmjs.org/content-disposition/-/content-disposition-0.5.4.tgz 983ms (cache miss)
660 http fetch GET 200 https://registry.npmjs.org/content-type/-/content-type-1.0.5.tgz 984ms (cache miss)
661 http fetch GET 200 https://registry.npmjs.org/ms/-/ms-2.1.3.tgz 977ms (cache miss)
662 http fetch GET 200 https://registry.npmjs.org/ms/-/ms-2.1.3.tgz 976ms (cache miss)
663 http fetch GET 200 https://registry.npmjs.org/es-errors/-/es-errors-1.3.0.tgz 1089ms (cache miss)
664 http fetch GET 200 https://registry.npmjs.org/safe-buffer/-/safe-buffer-5.2.1.tgz 1013ms (cache miss)
665 http fetch GET 200 https://registry.npmjs.org/debug/-/debug-2.6.9.tgz 997ms (cache miss)
666 http fetch GET 200 https://registry.npmjs.org/has-symbols/-/has-symbols-1.1.0.tgz 1117ms (cache miss)
667 http fetch GET 200 https://registry.npmjs.org/kareem/-/kareem-2.6.3.tgz 1090ms (cache miss)
668 http fetch GET 200 https://registry.npmjs.org/negotiator/-/negotiator-0.6.3.tgz 1040ms (cache miss)
669 http fetch GET 200 https://registry.npmjs.org/mongodb-connection-string-url/-/mongodb-connection-string-url-3.0.2.tgz 1097ms (cache miss)
670 http fetch GET 200 https://registry.npmjs.org/whatwg-url/-/whatwg-url-14.2.0.tgz 1106ms (cache miss)
671 http fetch GET 200 https://registry.npmjs.org/mpath/-/mpath-0.9.0.tgz 1118ms (cache miss)
672 http fetch GET 200 https://registry.npmjs.org/mime-db/-/mime-db-1.52.0.tgz 1114ms (cache miss)
673 http fetch GET 200 https://registry.npmjs.org/math-intrinsics/-/math-intrinsics-1.1.0.tgz 1164ms (cache miss)
674 http fetch GET 200 https://registry.npmjs.org/tr46/-/tr46-5.1.1.tgz 1182ms (cache miss)
675 http fetch GET 200 https://registry.npmjs.org/mquery/-/mquery-5.0.0.tgz 1154ms (cache miss)
676 http fetch GET 200 https://registry.npmjs.org/express/-/express-4.22.1.tgz 1114ms (cache miss)
677 http fetch GET 200 https://registry.npmjs.org/object-inspect/-/object-inspect-1.13.4.tgz 1236ms (cache miss)
678 http fetch GET 200 https://registry.npmjs.org/sift/-/sift-17.1.3.tgz 1227ms (cache miss)
679 http fetch GET 200 https://registry.npmjs.org/qs/-/qs-6.14.2.tgz 1160ms (cache miss)
680 http fetch GET 200 https://registry.npmjs.org/@mongodb-js/saslprep/-/saslprep-1.4.6.tgz 1255ms (cache miss)
681 http fetch GET 200 https://registry.npmjs.org/iconv-lite/-/iconv-lite-0.4.24.tgz 1205ms (cache miss)
682 http fetch GET 200 https://registry.npmjs.org/bson/-/bson-6.10.4.tgz 1395ms (cache miss)
683 http fetch GET 200 https://registry.npmjs.org/mongoose/-/mongoose-8.23.0.tgz 1441ms (cache miss)
684 http fetch GET 200 https://registry.npmjs.org/mongodb/-/mongodb-6.20.0.tgz 1590ms (cache miss)
685 silly ADD node_modules/punycode
686 silly ADD node_modules/webidl-conversions
687 silly ADD node_modules/tr46
688 silly ADD node_modules/media-typer
689 silly ADD node_modules/memory-pager
690 silly ADD node_modules/dunder-proto
691 silly ADD node_modules/math-intrinsics
692 silly ADD node_modules/hasown
693 silly ADD node_modules/has-symbols
694 silly ADD node_modules/gopd
695 silly ADD node_modules/get-proto
696 silly ADD node_modules/es-object-atoms
697 silly ADD node_modules/es-define-property
698 silly ADD node_modules/function-bind
699 silly ADD node_modules/call-bind-apply-helpers
700 silly ADD node_modules/get-intrinsic
701 silly ADD node_modules/call-bound
702 silly ADD node_modules/side-channel-weakmap
703 silly ADD node_modules/side-channel-map
704 silly ADD node_modules/side-channel-list
705 silly ADD node_modules/object-inspect
706 silly ADD node_modules/es-errors
707 silly ADD node_modules/mime
708 silly ADD node_modules/side-channel
709 silly ADD node_modules/ipaddr.js
710 silly ADD node_modules/forwarded
711 silly ADD node_modules/ee-first
712 silly ADD node_modules/@types/webidl-conversions
713 silly ADD node_modules/whatwg-url
714 silly ADD node_modules/@types/whatwg-url
715 silly ADD node_modules/sparse-bitfield
716 silly ADD node_modules/mongodb-connection-string-url
717 silly ADD node_modules/@mongodb-js/saslprep
718 silly ADD node_modules/sift
719 silly ADD node_modules/mquery
720 silly ADD node_modules/mquery/node_modules/ms
721 silly ADD node_modules/mquery/node_modules/debug
722 silly ADD node_modules/mpath
723 silly ADD node_modules/mongodb
724 silly ADD node_modules/kareem
725 silly ADD node_modules/bson
726 silly ADD node_modules/mime-db
727 silly ADD node_modules/safer-buffer
728 silly ADD node_modules/toidentifier
729 silly ADD node_modules/inherits
730 silly ADD node_modules/ms
731 silly ADD node_modules/unpipe
732 silly ADD node_modules/raw-body
733 silly ADD node_modules/iconv-lite
734 silly ADD node_modules/destroy
735 silly ADD node_modules/bytes
736 silly ADD node_modules/negotiator
737 silly ADD node_modules/mime-types
738 silly ADD node_modules/vary
739 silly ADD node_modules/utils-merge
740 silly ADD node_modules/type-is
741 silly ADD node_modules/statuses
742 silly ADD node_modules/setprototypeof
743 silly ADD node_modules/serve-static
744 silly ADD node_modules/send
745 silly ADD node_modules/send/node_modules/ms
746 silly ADD node_modules/safe-buffer
747 silly ADD node_modules/range-parser
748 silly ADD node_modules/qs
749 silly ADD node_modules/proxy-addr
750 silly ADD node_modules/path-to-regexp
751 silly ADD node_modules/parseurl
752 silly ADD node_modules/on-finished
753 silly ADD node_modules/methods
754 silly ADD node_modules/merge-descriptors
755 silly ADD node_modules/http-errors
756 silly ADD node_modules/fresh
757 silly ADD node_modules/finalhandler
758 silly ADD node_modules/etag
759 silly ADD node_modules/escape-html
760 silly ADD node_modules/encodeurl
761 silly ADD node_modules/depd
762 silly ADD node_modules/debug
763 silly ADD node_modules/cookie-signature
764 silly ADD node_modules/cookie
765 silly ADD node_modules/content-type
766 silly ADD node_modules/content-disposition
767 silly ADD node_modules/body-parser
768 silly ADD node_modules/array-flatten
769 silly ADD node_modules/accepts
770 silly ADD node_modules/mongoose
771 silly ADD node_modules/mongoose/node_modules/ms
772 silly ADD node_modules/express
773 verbose cwd /home/ec2-user/docker-nodeapp/nodeapp
774 verbose os Linux 6.1.161-183.298.amzn2023.x86_64
775 verbose node v18.20.8
776 verbose npm  v10.8.2
777 notice
777 notice New [31mmajor[39m version of npm available! [31m10.8.2[39m -> [34m11.10.0[39m
777 notice Changelog: [34mhttps://github.com/npm/cli/releases/tag/v11.10.0[39m
777 notice To update run: [4mnpm install -g npm@11.10.0[24m
777 notice  { force: true, [Symbol(proc-log.meta)]: true }
778 verbose exit 0
779 info ok
